Goku, esta vaina e seria.

Initial Solution:
Permutation: 0 1 2 3 4 5 6 7 8 9 
Matrix: 
0 89 0 0 0 0 4 0 3 0 
0 0 0 31 0 40 0 39 4 0 
18 0 0 1 12 0 0 0 17 96 
0 13 1 0 12 0 0 0 44 0 
0 0 105 0 0 0 531 164 30 0 
0 651 15 7 91 0 0 0 65 2 
0 0 0 61 0 0 0 1 0 0 
8 0 0 0 1 0 6 0 1 158 
0 23 0 9 9 29 0 17 0 138 
15 0 0 0 1 24 13 0 0 0 
Objective Function Value: 1482


Parameters for Simulated Annealing Algorithm:
------------------------------------------------
Number of iterations: 100000
Maximum chain size: 100
Maximum Stagnation: 100
Initial temperature (T_0): 122142
Beta: 0.8
Update type: 1 [0: LINEAR | 1: GEOMETRIC | 2: LOGARITMIC]
Neigborhood: 0 [0: SWAP | 1: 2-OPT]

Simulated Annealing Algorithm Execution:
------------------------------------------------
Iteration: 0 T_k: NaN chain_size: 100 stagnation: 0 OFV: 1482
Iteration: 1 T_k: 122142 chain_size: 100 stagnation: 0 OFV: 2109 dt: 3369697
Iteration: 2 T_k: 97713.6 chain_size: 100 stagnation: 0 OFV: 1427 dt: 3321971
Iteration: 3 T_k: 78170.9 chain_size: 100 stagnation: 0 OFV: 2036 dt: 3035137
Iteration: 4 T_k: 62536.7 chain_size: 100 stagnation: 0 OFV: 1215 dt: 2330319
Iteration: 5 T_k: 50029.4 chain_size: 100 stagnation: 0 OFV: 593 dt: 1910305
Iteration: 6 T_k: 40023.5 chain_size: 100 stagnation: 0 OFV: 1240 dt: 1530604
Iteration: 7 T_k: 32018.8 chain_size: 100 stagnation: 0 OFV: 1421 dt: 1228581
Iteration: 8 T_k: 25615 chain_size: 100 stagnation: 0 OFV: 1392 dt: 1041001
Iteration: 9 T_k: 20492 chain_size: 100 stagnation: 0 OFV: 748 dt: 914559
Iteration: 10 T_k: 16393.6 chain_size: 100 stagnation: 0 OFV: 1740 dt: 791959
Iteration: 11 T_k: 13114.9 chain_size: 100 stagnation: 0 OFV: 1060 dt: 714989
Iteration: 12 T_k: 10491.9 chain_size: 100 stagnation: 0 OFV: 1318 dt: 650900
Iteration: 13 T_k: 8393.53 chain_size: 100 stagnation: 0 OFV: 1446 dt: 558660
Iteration: 14 T_k: 6714.83 chain_size: 100 stagnation: 0 OFV: 2052 dt: 524765
Iteration: 15 T_k: 5371.86 chain_size: 100 stagnation: 0 OFV: 1380 dt: 469688
Iteration: 16 T_k: 4297.49 chain_size: 100 stagnation: 0 OFV: 683 dt: 456720
Iteration: 17 T_k: 3437.99 chain_size: 100 stagnation: 0 OFV: 1851 dt: 427339
Iteration: 18 T_k: 2750.39 chain_size: 100 stagnation: 0 OFV: 1490 dt: 432079
Iteration: 19 T_k: 2200.31 chain_size: 100 stagnation: 0 OFV: 1380 dt: 429871
Iteration: 20 T_k: 1760.25 chain_size: 100 stagnation: 0 OFV: 1765 dt: 433180
Iteration: 21 T_k: 1408.2 chain_size: 100 stagnation: 0 OFV: 1146 dt: 430171
Iteration: 22 T_k: 1126.56 chain_size: 100 stagnation: 0 OFV: 675 dt: 432913
Iteration: 23 T_k: 901.249 chain_size: 100 stagnation: 0 OFV: 765 dt: 429674
Iteration: 24 T_k: 720.999 chain_size: 100 stagnation: 0 OFV: 1897 dt: 439834
Iteration: 25 T_k: 576.799 chain_size: 100 stagnation: 0 OFV: 1690 dt: 430811
Iteration: 26 T_k: 461.439 chain_size: 100 stagnation: 0 OFV: 2089 dt: 460386
Iteration: 27 T_k: 369.152 chain_size: 100 stagnation: 0 OFV: 1994 dt: 432716
Iteration: 28 T_k: 295.321 chain_size: 100 stagnation: 0 OFV: 2045 dt: 430460
Iteration: 29 T_k: 236.257 chain_size: 100 stagnation: 0 OFV: 2059 dt: 433404
Iteration: 30 T_k: 189.006 chain_size: 100 stagnation: 0 OFV: 2274 dt: 428981
Iteration: 31 T_k: 151.204 chain_size: 100 stagnation: 0 OFV: 1861 dt: 433285
Iteration: 32 T_k: 120.964 chain_size: 100 stagnation: 0 OFV: 2076 dt: 432910
Iteration: 33 T_k: 96.7709 chain_size: 100 stagnation: 0 OFV: 2203 dt: 433155
Iteration: 34 T_k: 77.4167 chain_size: 100 stagnation: 0 OFV: 2022 dt: 432207
Iteration: 35 T_k: 61.9334 chain_size: 100 stagnation: 0 OFV: 1955 dt: 427797
Iteration: 36 T_k: 49.5467 chain_size: 100 stagnation: 0 OFV: 2180 dt: 431654
Iteration: 37 T_k: 39.6373 chain_size: 100 stagnation: 0 OFV: 2233 dt: 427782
Iteration: 38 T_k: 31.7099 chain_size: 100 stagnation: 0 OFV: 2343 dt: 431063
Iteration: 39 T_k: 25.3679 chain_size: 100 stagnation: 0 OFV: 2328 dt: 435003
Iteration: 40 T_k: 20.2943 chain_size: 100 stagnation: 0 OFV: 2314 dt: 429294
Iteration: 41 T_k: 16.2355 chain_size: 100 stagnation: 0 OFV: 2376 dt: 429789
Iteration: 42 T_k: 12.9884 chain_size: 100 stagnation: 0 OFV: 2318 dt: 446357
Iteration: 43 T_k: 10.3907 chain_size: 100 stagnation: 0 OFV: 2330 dt: 427818
Iteration: 44 T_k: 8.31255 chain_size: 100 stagnation: 0 OFV: 2350 dt: 429376
Iteration: 45 T_k: 6.65004 chain_size: 100 stagnation: 0 OFV: 2337 dt: 430876
Iteration: 46 T_k: 5.32003 chain_size: 100 stagnation: 0 OFV: 2361 dt: 429606
Iteration: 47 T_k: 4.25603 chain_size: 100 stagnation: 0 OFV: 2361 dt: 432928
Iteration: 48 T_k: 3.40482 chain_size: 100 stagnation: 1 OFV: 2365 dt: 426004
Iteration: 49 T_k: 2.72386 chain_size: 100 stagnation: 0 OFV: 2365 dt: 430211
Iteration: 50 T_k: 2.17909 chain_size: 100 stagnation: 1 OFV: 2365 dt: 430171
Iteration: 51 T_k: 1.74327 chain_size: 100 stagnation: 2 OFV: 2365 dt: 426212
Iteration: 52 T_k: 1.39462 chain_size: 100 stagnation: 3 OFV: 2365 dt: 431029
Iteration: 53 T_k: 1.11569 chain_size: 100 stagnation: 4 OFV: 2365 dt: 431844
Iteration: 54 T_k: 0.892554 chain_size: 100 stagnation: 5 OFV: 2365 dt: 426867
Iteration: 55 T_k: 0.714043 chain_size: 100 stagnation: 6 OFV: 2365 dt: 436600
Iteration: 56 T_k: 0.571234 chain_size: 100 stagnation: 7 OFV: 2365 dt: 430636
Iteration: 57 T_k: 0.456987 chain_size: 100 stagnation: 8 OFV: 2365 dt: 426333
Iteration: 58 T_k: 0.36559 chain_size: 100 stagnation: 9 OFV: 2365 dt: 433015
Iteration: 59 T_k: 0.292472 chain_size: 100 stagnation: 10 OFV: 2365 dt: 432412
Iteration: 60 T_k: 0.233978 chain_size: 100 stagnation: 11 OFV: 2365 dt: 429161
Iteration: 61 T_k: 0.187182 chain_size: 100 stagnation: 12 OFV: 2365 dt: 433193
Iteration: 62 T_k: 0.149746 chain_size: 100 stagnation: 13 OFV: 2365 dt: 431874
Iteration: 63 T_k: 0.119797 chain_size: 100 stagnation: 14 OFV: 2365 dt: 431108
Iteration: 64 T_k: 0.0958372 chain_size: 100 stagnation: 15 OFV: 2365 dt: 432884
Iteration: 65 T_k: 0.0766698 chain_size: 100 stagnation: 16 OFV: 2365 dt: 430584
Iteration: 66 T_k: 0.0613358 chain_size: 100 stagnation: 17 OFV: 2365 dt: 427347
Iteration: 67 T_k: 0.0490687 chain_size: 100 stagnation: 18 OFV: 2365 dt: 430699
Iteration: 68 T_k: 0.0392549 chain_size: 100 stagnation: 19 OFV: 2365 dt: 430719
Iteration: 69 T_k: 0.0314039 chain_size: 100 stagnation: 20 OFV: 2365 dt: 427966
Iteration: 70 T_k: 0.0251232 chain_size: 100 stagnation: 21 OFV: 2365 dt: 434621
Iteration: 71 T_k: 0.0200985 chain_size: 100 stagnation: 22 OFV: 2365 dt: 430621
Iteration: 72 T_k: 0.0160788 chain_size: 100 stagnation: 23 OFV: 2365 dt: 427260
Iteration: 73 T_k: 0.0128631 chain_size: 100 stagnation: 24 OFV: 2365 dt: 431433
Iteration: 74 T_k: 0.0102904 chain_size: 100 stagnation: 25 OFV: 2365 dt: 430628
Iteration: 75 T_k: 0.00823235 chain_size: 100 stagnation: 26 OFV: 2365 dt: 427466
Iteration: 76 T_k: 0.00658588 chain_size: 100 stagnation: 27 OFV: 2365 dt: 430982
Iteration: 77 T_k: 0.00526871 chain_size: 100 stagnation: 28 OFV: 2365 dt: 431958
Iteration: 78 T_k: 0.00421497 chain_size: 100 stagnation: 29 OFV: 2365 dt: 429810
Iteration: 79 T_k: 0.00337197 chain_size: 100 stagnation: 30 OFV: 2365 dt: 451150
Iteration: 80 T_k: 0.00269758 chain_size: 100 stagnation: 31 OFV: 2365 dt: 430336
Iteration: 81 T_k: 0.00215806 chain_size: 100 stagnation: 32 OFV: 2365 dt: 426700
Iteration: 82 T_k: 0.00172645 chain_size: 100 stagnation: 33 OFV: 2365 dt: 431305
Iteration: 83 T_k: 0.00138116 chain_size: 100 stagnation: 34 OFV: 2365 dt: 431923
Iteration: 84 T_k: 0.00110493 chain_size: 100 stagnation: 35 OFV: 2365 dt: 427073
Iteration: 85 T_k: 0.000883942 chain_size: 100 stagnation: 36 OFV: 2365 dt: 433981
Iteration: 86 T_k: 0.000707154 chain_size: 100 stagnation: 37 OFV: 2365 dt: 440404
Iteration: 87 T_k: 0.000565723 chain_size: 100 stagnation: 38 OFV: 2365 dt: 425347
Iteration: 88 T_k: 0.000452578 chain_size: 100 stagnation: 39 OFV: 2365 dt: 432608
Iteration: 89 T_k: 0.000362063 chain_size: 100 stagnation: 40 OFV: 2365 dt: 431014
Iteration: 90 T_k: 0.00028965 chain_size: 100 stagnation: 41 OFV: 2365 dt: 426677
Iteration: 91 T_k: 0.00023172 chain_size: 100 stagnation: 42 OFV: 2365 dt: 431439
Iteration: 92 T_k: 0.000185376 chain_size: 100 stagnation: 43 OFV: 2365 dt: 427479
Iteration: 93 T_k: 0.000148301 chain_size: 100 stagnation: 44 OFV: 2365 dt: 430832
Iteration: 94 T_k: 0.000118641 chain_size: 100 stagnation: 45 OFV: 2365 dt: 438459
Iteration: 95 T_k: 9.49126e-05 chain_size: 100 stagnation: 46 OFV: 2365 dt: 428001
Iteration: 96 T_k: 7.59301e-05 chain_size: 100 stagnation: 47 OFV: 2365 dt: 431851
Iteration: 97 T_k: 6.07441e-05 chain_size: 100 stagnation: 48 OFV: 2365 dt: 432759
Iteration: 98 T_k: 4.85952e-05 chain_size: 100 stagnation: 49 OFV: 2365 dt: 428126
Iteration: 99 T_k: 3.88762e-05 chain_size: 100 stagnation: 50 OFV: 2365 dt: 430831
Iteration: 100 T_k: 3.1101e-05 chain_size: 100 stagnation: 51 OFV: 2365 dt: 430917
Iteration: 101 T_k: 2.48808e-05 chain_size: 100 stagnation: 52 OFV: 2365 dt: 434436
Iteration: 102 T_k: 1.99046e-05 chain_size: 100 stagnation: 53 OFV: 2365 dt: 430298
Iteration: 103 T_k: 1.59237e-05 chain_size: 100 stagnation: 54 OFV: 2365 dt: 434194
Iteration: 104 T_k: 1.2739e-05 chain_size: 100 stagnation: 55 OFV: 2365 dt: 430081
Iteration: 105 T_k: 1.01912e-05 chain_size: 100 stagnation: 56 OFV: 2365 dt: 432643
Iteration: 106 T_k: 8.15293e-06 chain_size: 100 stagnation: 57 OFV: 2365 dt: 430254
Iteration: 107 T_k: 6.52234e-06 chain_size: 100 stagnation: 58 OFV: 2365 dt: 425903
Iteration: 108 T_k: 5.21787e-06 chain_size: 100 stagnation: 59 OFV: 2365 dt: 431793
Iteration: 109 T_k: 4.1743e-06 chain_size: 100 stagnation: 60 OFV: 2365 dt: 435343
Iteration: 110 T_k: 3.33944e-06 chain_size: 100 stagnation: 61 OFV: 2365 dt: 427988
Iteration: 111 T_k: 2.67155e-06 chain_size: 100 stagnation: 62 OFV: 2365 dt: 431200
Iteration: 112 T_k: 2.13724e-06 chain_size: 100 stagnation: 63 OFV: 2365 dt: 429171
Iteration: 113 T_k: 1.70979e-06 chain_size: 100 stagnation: 64 OFV: 2365 dt: 427489
Iteration: 114 T_k: 1.36783e-06 chain_size: 100 stagnation: 65 OFV: 2365 dt: 430257
Iteration: 115 T_k: 1.09427e-06 chain_size: 100 stagnation: 66 OFV: 2365 dt: 429944
Iteration: 116 T_k: 8.75414e-07 chain_size: 100 stagnation: 67 OFV: 2365 dt: 427386
Iteration: 117 T_k: 7.00331e-07 chain_size: 100 stagnation: 68 OFV: 2365 dt: 434178
Iteration: 118 T_k: 5.60265e-07 chain_size: 100 stagnation: 69 OFV: 2365 dt: 432745
Iteration: 119 T_k: 4.48212e-07 chain_size: 100 stagnation: 70 OFV: 2365 dt: 472150
Iteration: 120 T_k: 3.5857e-07 chain_size: 100 stagnation: 71 OFV: 2365 dt: 431110
Iteration: 121 T_k: 2.86856e-07 chain_size: 100 stagnation: 72 OFV: 2365 dt: 430172
Iteration: 122 T_k: 2.29485e-07 chain_size: 100 stagnation: 73 OFV: 2365 dt: 425243
Iteration: 123 T_k: 1.83588e-07 chain_size: 100 stagnation: 74 OFV: 2365 dt: 433103
Iteration: 124 T_k: 1.4687e-07 chain_size: 100 stagnation: 75 OFV: 2365 dt: 433609
Iteration: 125 T_k: 1.17496e-07 chain_size: 100 stagnation: 76 OFV: 2365 dt: 427846
Iteration: 126 T_k: 9.39969e-08 chain_size: 100 stagnation: 77 OFV: 2365 dt: 430414
Iteration: 127 T_k: 7.51975e-08 chain_size: 100 stagnation: 78 OFV: 2365 dt: 438194
Iteration: 128 T_k: 6.0158e-08 chain_size: 100 stagnation: 79 OFV: 2365 dt: 427198
Iteration: 129 T_k: 4.81264e-08 chain_size: 100 stagnation: 80 OFV: 2365 dt: 435484
Iteration: 130 T_k: 3.85011e-08 chain_size: 100 stagnation: 81 OFV: 2365 dt: 427021
Iteration: 131 T_k: 3.08009e-08 chain_size: 100 stagnation: 82 OFV: 2365 dt: 431630
Iteration: 132 T_k: 2.46407e-08 chain_size: 100 stagnation: 83 OFV: 2365 dt: 446525
Iteration: 133 T_k: 1.97126e-08 chain_size: 100 stagnation: 84 OFV: 2365 dt: 437692
Iteration: 134 T_k: 1.57701e-08 chain_size: 100 stagnation: 85 OFV: 2365 dt: 431179
Iteration: 135 T_k: 1.2616e-08 chain_size: 100 stagnation: 86 OFV: 2365 dt: 430679
Iteration: 136 T_k: 1.00928e-08 chain_size: 100 stagnation: 87 OFV: 2365 dt: 427876
Iteration: 137 T_k: 8.07427e-09 chain_size: 100 stagnation: 88 OFV: 2365 dt: 429588
Iteration: 138 T_k: 6.45942e-09 chain_size: 100 stagnation: 89 OFV: 2365 dt: 470999
Iteration: 139 T_k: 5.16753e-09 chain_size: 100 stagnation: 90 OFV: 2365 dt: 446663
Iteration: 140 T_k: 4.13403e-09 chain_size: 100 stagnation: 91 OFV: 2365 dt: 461399
Iteration: 141 T_k: 3.30722e-09 chain_size: 100 stagnation: 92 OFV: 2365 dt: 431934
Iteration: 142 T_k: 2.64578e-09 chain_size: 100 stagnation: 93 OFV: 2365 dt: 427838
Iteration: 143 T_k: 2.11662e-09 chain_size: 100 stagnation: 94 OFV: 2365 dt: 443319
Iteration: 144 T_k: 1.6933e-09 chain_size: 100 stagnation: 95 OFV: 2365 dt: 448071
Iteration: 145 T_k: 1.35464e-09 chain_size: 100 stagnation: 96 OFV: 2365 dt: 461876
Iteration: 146 T_k: 1.08371e-09 chain_size: 100 stagnation: 97 OFV: 2365 dt: 454967
Iteration: 147 T_k: 8.66968e-10 chain_size: 100 stagnation: 98 OFV: 2365 dt: 471284
Iteration: 148 T_k: 6.93574e-10 chain_size: 100 stagnation: 99 OFV: 2365 dt: 436703
Stagnation Stop. Solution reached for 100 iterations.
Simulated Annealing Algorithm Execution took 80063888 nanoseconds

Final solution:
Permutation: 5 4 2 8 7 9 0 6 1 3 
Matrix: 
0 91 15 65 0 2 0 0 651 7 
0 0 105 30 164 0 0 531 0 0 
0 12 0 17 0 96 18 0 0 1 
29 9 0 0 17 138 0 0 23 9 
0 1 0 1 0 158 8 6 0 0 
24 1 0 0 0 0 15 13 0 0 
0 0 0 3 0 0 0 4 89 0 
0 0 0 0 1 0 0 0 0 61 
40 0 0 4 39 0 0 0 0 31 
0 12 1 44 0 0 0 0 13 0 
Objective Function Value: 2365


