Goku, esta vaina e seria.

Initial Solution:
Permutation: 0 1 2 3 4 5 6 7 8 9 10 11 12 13 14 15 16 17 18 19 20 21 22 23 24 25 26 27 28 29 30 31 32 33 34 35 36 37 38 39 40 41 42 43 44 45 46 47 48 49 50 51 52 53 54 55 56 57 58 59 60 61 62 63 64 65 66 67 68 69 70 71 72 73 74 75 76 77 78 79 80 81 82 83 84 85 86 87 88 89 90 91 92 93 94 95 96 97 98 99 
Matrix: 
0 0 2 0 39 36 0 0 35 0 33 0 39 15 0 0 17 34 0 24 0 0 0 0 0 0 0 0 5 0 14 0 8 0 0 51 0 14 0 0 0 30 19 15 38 17 0 18 0 0 0 9 0 34 1 26 53 0 0 34 19 7 0 0 37 0 4 0 13 5 19 0 0 72 0 0 0 0 0 6 36 0 24 9 0 3 31 0 0 0 0 0 0 0 0 35 0 0 0 42 
61 0 0 4 0 0 51 45 0 61 0 0 23 0 0 0 0 46 0 86 0 37 31 0 0 0 0 49 38 55 0 15 0 7 0 68 16 32 65 69 0 7 0 0 0 0 86 51 43 0 78 8 0 86 0 63 41 11 0 0 28 39 77 37 0 61 0 0 0 5 40 0 61 29 0 56 30 17 0 0 20 18 0 20 0 10 91 0 38 0 2 0 0 70 53 47 80 0 0 0 
0 57 0 53 45 0 57 0 24 33 0 0 61 47 0 0 0 48 0 0 51 49 73 70 0 67 0 0 23 0 70 0 0 29 77 35 0 47 9 69 9 75 76 4 15 12 19 8 33 0 64 53 5 15 29 0 0 61 15 0 9 27 0 0 0 0 0 5 0 84 0 0 1 95 36 31 0 0 28 0 0 0 36 0 11 50 0 20 97 46 40 22 65 0 77 0 79 7 41 85 
27 0 0 0 9 0 0 10 0 0 0 0 4 17 0 0 0 6 0 0 0 37 0 15 0 5 0 0 0 22 0 0 0 33 0 5 0 0 35 12 0 0 7 12 0 0 33 0 18 0 0 0 0 0 16 0 0 18 12 0 21 22 0 30 0 0 0 0 23 0 0 0 0 10 0 0 0 4 0 0 0 0 0 0 28 10 9 0 0 0 23 0 0 14 0 0 0 0 0 11 
0 4 0 0 0 0 17 0 3 0 38 0 0 0 0 13 0 0 0 0 0 0 17 0 8 0 0 17 0 0 37 0 25 0 0 0 0 7 0 0 0 0 0 34 2 5 0 0 0 0 0 0 0 0 6 0 0 0 0 0 0 0 16 7 0 0 0 0 0 22 0 0 0 0 0 4 0 0 0 6 0 0 0 0 0 22 0 0 23 0 31 0 0 0 12 36 0 0 0 0 
0 16 0 7 31 0 16 29 30 3 0 0 10 0 0 0 0 71 0 0 5 0 0 0 0 0 0 6 3 5 0 0 15 0 0 0 0 7 27 0 9 0 16 29 0 5 7 0 15 0 0 16 24 0 0 0 0 0 7 0 0 0 0 0 0 0 12 0 25 0 0 0 6 0 10 0 0 0 25 0 0 0 36 0 0 0 0 0 36 17 0 3 7 0 14 0 0 0 0 88 
14 0 0 46 0 0 0 7 0 0 0 49 0 0 0 71 0 0 0 58 0 77 30 0 0 0 0 0 0 95 38 0 0 0 0 0 0 18 20 37 47 90 0 0 0 50 55 47 51 0 13 0 58 55 65 33 11 0 0 4 7 37 34 59 63 79 0 28 42 8 37 7 59 25 25 80 80 4 0 59 52 64 0 17 20 43 0 71 51 0 0 0 0 0 0 17 21 0 23 0 
60 0 37 0 62 0 0 0 9 0 79 0 9 0 0 82 8 0 0 76 0 47 0 25 0 0 74 0 0 24 36 67 0 0 0 63 0 0 29 0 0 0 70 58 5 8 0 0 0 77 80 0 26 27 0 1 27 56 6 0 0 44 0 19 62 0 35 8 64 0 41 0 95 40 0 84 0 49 0 0 0 0 7 0 0 0 0 15 30 0 0 12 1 17 24 0 0 55 0 20 
0 0 0 66 0 0 72 0 0 0 77 94 0 65 0 55 0 38 22 30 0 0 0 91 0 0 0 0 28 7 16 32 0 0 4 62 0 40 0 0 0 0 12 8 21 0 0 77 58 0 6 43 0 16 8 57 24 1 0 26 0 0 93 90 59 17 24 46 28 28 19 34 0 19 8 60 33 60 0 0 61 17 29 6 80 0 21 92 44 63 7 65 0 47 5 0 58 8 0 37 
0 0 0 10 0 0 25 70 15 0 8 38 3 0 13 32 0 0 45 77 0 61 13 0 0 0 5 0 50 0 0 63 0 0 32 17 0 35 0 88 0 0 0 30 12 17 57 65 0 63 13 76 0 24 33 0 0 4 0 32 0 49 49 1 31 76 68 0 0 21 18 0 0 0 32 5 45 0 0 3 50 60 0 6 0 32 53 4 0 87 34 11 13 0 0 0 70 72 56 0 
0 23 14 33 0 41 22 0 0 0 0 22 72 0 0 61 0 49 90 58 0 0 9 20 0 19 75 0 0 7 0 8 0 0 11 85 0 0 10 4 0 3 52 1 0 20 0 0 0 0 0 0 0 0 0 26 0 0 11 6 0 0 0 0 5 77 0 10 78 0 88 79 15 19 0 0 0 0 37 45 21 0 2 23 0 0 0 0 12 11 0 0 0 26 30 0 57 0 28 59 
81 23 24 54 1 75 0 4 0 0 0 0 0 0 13 43 0 24 0 0 0 10 0 0 8 0 0 12 0 5 0 0 0 0 8 40 0 0 0 0 0 2 0 68 25 0 0 26 0 0 3 0 0 20 27 0 48 0 35 34 0 0 0 0 0 0 0 11 80 0 0 0 27 0 0 0 0 0 0 93 29 0 0 0 0 0 10 0 0 0 0 0 0 0 0 0 0 0 0 0 
0 0 0 0 50 0 20 0 14 0 0 47 0 0 0 35 0 42 0 0 0 36 0 43 0 0 0 0 0 45 0 0 4 16 0 52 0 0 0 0 0 20 0 0 0 7 0 0 0 0 0 0 0 0 60 0 45 0 38 0 0 2 0 39 0 0 0 21 84 20 64 21 0 37 0 31 4 4 0 48 0 0 0 0 0 0 0 44 0 0 0 13 0 29 0 0 9 0 13 55 
0 20 0 0 48 0 11 49 0 28 33 28 59 0 15 86 0 68 55 0 0 55 0 27 0 0 84 18 0 72 0 73 5 26 0 0 0 0 43 22 50 0 34 90 0 0 95 64 24 0 0 1 0 42 0 11 90 18 7 25 11 0 54 77 18 0 76 6 48 44 50 0 12 75 45 0 0 0 0 58 8 96 0 0 0 36 0 62 0 0 88 60 18 0 57 40 0 0 36 0 
55 78 23 63 80 36 49 30 0 0 40 0 20 0 0 0 0 0 0 0 0 51 25 0 0 0 80 38 0 54 0 13 47 0 0 0 0 0 51 2 0 56 79 40 0 42 53 23 3 70 0 0 27 59 53 73 53 92 0 69 0 0 47 54 0 0 0 6 32 60 0 38 0 57 93 99 57 12 47 40 17 89 24 64 52 0 0 0 41 33 94 0 20 0 0 37 0 88 0 53 
57 12 26 62 0 4 0 0 0 0 0 0 0 0 5 0 18 0 0 0 0 0 30 0 0 0 1 30 0 0 0 0 0 0 0 0 0 0 0 61 0 0 0 0 0 0 0 7 0 0 0 0 0 0 37 0 74 15 6 0 16 0 0 0 51 27 0 74 15 0 0 20 0 21 0 29 0 0 0 0 0 39 0 0 0 0 0 39 0 38 11 0 0 11 0 0 62 0 0 76 
0 12 5 71 96 10 0 0 11 20 0 56 51 0 21 0 0 18 32 48 0 59 0 35 0 11 39 9 5 9 0 97 0 0 0 56 0 29 0 31 0 0 0 27 12 0 0 0 0 27 10 0 0 0 0 0 0 21 60 0 0 40 0 0 38 12 0 83 0 33 36 10 7 35 11 0 0 6 0 0 0 0 8 0 0 0 23 91 29 22 0 0 48 0 17 0 11 3 0 60 
0 0 0 0 7 0 28 6 0 10 0 0 0 0 4 6 0 0 38 0 0 0 0 0 15 0 0 0 21 6 0 22 36 0 0 0 0 0 0 0 17 22 3 12 0 11 2 26 20 0 0 20 0 0 0 0 29 38 0 0 0 0 0 20 0 0 18 0 0 0 0 0 0 0 0 0 0 0 0 0 0 20 0 0 11 0 0 0 14 18 37 0 0 1 0 20 0 0 0 0 
8 10 0 16 43 13 0 37 0 0 0 4 5 0 35 7 0 0 0 22 0 42 0 6 0 0 0 0 0 50 15 17 0 13 0 54 9 0 0 64 0 0 0 30 0 4 0 0 0 3 0 31 38 0 0 19 62 0 0 0 0 0 0 0 33 0 16 0 32 36 55 0 0 0 0 0 12 0 12 71 0 9 0 0 0 0 0 18 22 10 0 26 0 0 21 0 0 2 21 50 
0 0 33 29 0 58 0 0 0 0 0 39 13 12 0 20 0 93 0 0 20 0 20 13 0 0 10 0 0 0 0 13 32 0 0 80 0 0 0 65 29 35 0 0 16 4 0 0 0 0 0 16 13 0 8 0 0 33 3 0 18 8 29 0 36 71 0 6 0 23 0 1 0 17 0 0 0 0 3 0 0 0 1 0 5 24 11 0 0 0 26 0 0 0 0 8 0 31 0 14 
35 10 0 15 33 0 49 5 28 41 49 71 11 57 0 7 25 35 0 0 0 0 0 0 24 0 0 40 90 44 9 89 0 0 8 0 0 0 41 31 87 19 41 64 0 0 0 58 50 0 18 44 43 0 20 79 66 34 0 23 0 27 0 40 24 54 0 0 0 76 35 0 26 10 47 6 0 55 0 0 26 11 0 0 55 0 79 0 0 63 23 52 0 0 67 39 53 33 0 35 
59 0 0 0 18 14 0 0 34 0 0 0 0 0 0 22 0 0 0 69 0 0 0 0 0 0 5 24 0 63 0 26 0 0 0 26 0 17 0 43 0 0 7 68 0 0 0 0 34 0 0 0 0 0 29 32 27 0 46 26 0 0 0 0 54 73 14 76 39 0 11 0 0 11 0 3 17 9 0 47 0 0 0 12 0 0 0 0 0 0 15 15 0 0 0 14 0 18 10 12 
85 0 0 67 0 32 0 96 19 0 0 42 10 44 0 0 97 0 9 0 31 58 0 71 0 16 0 24 46 51 0 50 0 7 0 17 0 0 46 48 0 60 0 40 14 0 0 52 38 3 19 39 15 49 31 35 14 0 36 0 0 35 0 12 57 8 46 32 0 0 0 16 0 59 56 0 0 40 0 87 49 60 61 0 0 0 55 2 47 17 21 40 75 52 43 10 12 0 0 0 
6 28 0 0 66 66 14 0 0 31 0 0 0 0 11 6 0 11 0 0 1 49 0 0 0 0 0 0 4 58 0 0 0 0 0 0 0 0 0 0 0 0 0 0 0 0 0 16 22 0 0 0 0 25 67 0 0 8 84 0 0 0 0 0 15 18 0 76 83 0 19 60 0 0 0 0 8 2 0 51 0 10 0 13 9 12 0 4 0 0 0 0 0 0 0 31 63 0 0 17 
67 11 38 49 0 77 64 30 42 41 84 0 23 34 4 80 23 0 78 66 0 60 0 17 0 0 97 79 87 75 71 35 0 6 0 50 51 0 68 21 0 37 28 12 0 0 4 59 0 16 0 0 8 13 0 0 22 25 21 19 0 32 68 0 82 0 0 0 75 0 14 0 12 14 0 27 0 42 69 0 18 0 43 0 31 0 56 76 0 0 74 0 62 3 0 33 49 0 39 0 
68 34 0 0 49 58 55 40 62 94 0 83 20 90 36 0 0 30 54 48 73 29 0 20 0 0 14 0 0 35 75 3 8 29 57 36 82 7 6 0 0 36 34 25 0 80 85 10 71 0 69 36 40 41 16 29 45 0 54 0 0 0 61 69 0 28 0 10 59 12 15 0 86 65 0 17 39 29 42 89 15 43 49 22 0 37 7 73 48 0 91 87 24 0 46 3 65 18 14 15 
77 1 24 48 52 0 3 0 0 0 0 1 15 0 0 0 0 3 0 0 16 0 22 84 0 0 0 0 18 43 8 0 0 0 0 0 0 0 12 87 0 0 0 65 30 36 0 0 0 0 0 0 0 12 74 0 81 0 56 0 0 0 0 3 0 0 11 0 10 0 77 0 0 36 0 0 0 18 0 0 0 25 10 0 0 0 0 0 0 11 0 0 22 10 93 0 94 0 0 0 
75 0 8 21 0 0 28 29 23 2 41 0 48 0 0 0 0 67 48 0 0 0 0 0 0 0 59 0 89 23 17 16 0 32 7 0 0 0 77 52 0 43 47 46 30 0 0 0 16 32 0 0 94 0 69 12 71 56 80 0 0 21 29 1 97 1 25 77 34 43 28 3 0 92 0 0 0 23 6 34 0 0 2 0 21 0 0 38 0 33 0 46 0 3 0 0 18 2 0 0 
0 0 0 9 26 0 10 12 0 0 16 82 57 1 26 64 0 0 74 99 0 69 0 0 0 33 0 0 0 0 7 28 0 0 7 71 5 0 36 0 36 0 38 62 0 80 0 0 18 32 6 2 0 31 0 0 0 0 45 0 0 0 0 0 81 35 0 0 18 68 5 4 0 0 0 0 0 13 0 43 0 4 0 7 30 0 0 16 50 95 0 15 0 51 0 1 0 59 0 33 
15 0 0 0 36 0 0 0 0 33 0 0 0 0 0 31 0 0 0 40 0 0 0 0 0 0 0 0 22 0 0 0 0 0 0 59 0 0 0 87 20 2 0 0 0 0 0 19 0 0 2 0 0 4 79 0 80 0 0 0 0 0 0 0 0 42 30 10 47 0 0 0 0 47 10 0 10 0 0 9 35 38 0 0 0 11 0 0 30 0 0 0 0 0 0 0 0 5 0 56 
0 5 0 61 0 19 0 0 0 2 12 16 75 75 21 12 81 25 0 26 0 67 31 63 0 0 0 0 0 93 0 0 0 0 17 30 0 0 0 0 69 50 9 68 13 0 0 0 0 50 66 29 0 0 0 22 0 12 38 27 0 0 14 24 0 25 22 62 0 29 68 0 41 12 21 83 50 58 36 77 49 0 42 29 15 2 0 0 53 0 61 39 53 16 33 0 52 18 73 81 
17 0 0 32 60 30 17 0 0 0 0 60 77 0 0 11 0 0 0 0 0 0 0 19 0 0 3 0 0 60 13 0 0 14 0 43 17 0 0 53 0 0 8 0 0 21 0 3 2 0 15 0 0 32 0 0 71 0 39 16 0 0 13 0 27 0 0 0 41 0 0 35 0 25 0 0 0 84 8 0 0 0 0 0 0 25 0 50 16 0 0 0 18 0 83 0 0 0 0 7 
0 31 93 63 0 0 80 6 50 65 41 2 0 0 0 39 0 0 57 0 44 8 22 13 43 0 38 15 94 70 77 92 0 0 26 0 64 53 33 89 0 33 1 48 16 18 16 61 20 52 0 0 0 46 0 82 6 18 0 0 0 37 0 0 0 77 28 12 0 6 9 31 83 0 78 58 0 3 2 89 0 24 0 3 0 83 65 52 88 61 24 0 77 0 54 44 37 57 5 49 
15 0 0 0 18 19 69 48 77 48 60 4 0 0 29 25 31 63 0 56 37 1 0 14 0 0 44 0 26 23 47 0 28 0 65 82 72 38 19 0 9 16 87 59 13 54 0 26 43 0 14 12 0 7 58 9 45 22 69 2 44 5 0 0 0 0 6 0 49 57 9 10 0 30 54 24 0 0 27 0 56 7 61 0 6 0 0 8 12 41 87 0 0 0 0 22 0 60 17 0 
13 86 0 6 67 82 45 92 0 0 0 0 49 99 0 16 31 87 0 55 0 25 54 85 54 0 59 0 0 70 0 8 0 0 0 33 31 0 0 27 0 0 0 17 0 5 0 28 44 0 97 56 32 48 0 34 73 0 71 0 0 0 0 33 45 18 0 74 0 0 0 7 17 79 0 16 20 0 76 88 39 34 38 28 54 5 37 0 44 0 0 0 57 0 30 0 70 56 71 0 
0 0 0 0 39 32 2 0 0 0 0 0 0 35 1 16 0 5 0 0 24 0 0 6 0 0 8 0 0 0 0 0 0 0 0 0 0 10 0 0 0 0 3 8 0 0 19 0 0 0 0 0 3 0 35 0 0 26 0 6 29 0 0 0 0 2 0 14 0 0 0 0 23 0 20 0 0 0 0 0 17 0 17 0 0 0 0 0 0 0 0 9 0 0 18 0 0 0 0 4 
21 0 14 70 23 13 1 38 64 0 60 18 8 25 33 75 29 25 0 47 83 32 51 30 0 0 55 60 0 23 33 0 0 0 0 31 0 88 79 0 0 23 0 47 0 0 82 82 0 23 0 0 74 55 0 0 0 8 0 0 0 77 1 11 28 0 9 70 16 22 67 7 0 1 0 69 0 32 0 0 0 62 28 0 5 0 0 55 66 51 41 12 75 27 0 0 91 33 0 68 
0 0 0 36 0 0 0 53 0 0 56 64 52 0 0 93 0 58 19 79 38 0 13 0 28 0 46 37 19 29 29 64 0 0 10 0 0 0 0 3 43 0 0 30 0 56 0 0 54 2 36 56 0 78 18 0 15 90 0 53 31 72 53 0 78 19 0 74 19 40 0 0 5 0 14 63 96 35 0 7 33 0 0 0 33 51 20 31 73 0 96 0 82 3 0 0 56 0 0 0 
68 0 0 0 49 0 0 0 17 38 0 47 52 0 0 9 15 42 57 2 0 39 0 0 0 0 0 0 0 61 4 33 0 0 13 27 0 21 0 0 0 22 0 0 0 0 18 0 0 0 13 31 36 4 22 0 0 29 0 0 0 55 0 0 30 90 0 17 20 0 0 49 36 52 0 0 0 99 0 32 0 0 0 0 0 0 8 0 0 0 0 0 0 0 76 0 3 0 0 0 
9 0 0 0 47 10 0 0 0 0 0 6 14 0 0 0 0 20 0 0 0 0 0 11 0 20 0 0 0 0 9 0 0 34 0 54 16 0 1 0 0 0 0 0 21 0 0 0 0 0 15 0 33 0 0 0 0 0 0 0 0 19 0 4 0 0 0 0 0 32 0 0 0 0 0 0 22 0 0 0 0 0 25 0 0 0 1 0 0 0 0 0 27 0 0 0 0 0 0 12 
1 25 0 1 37 0 0 20 0 0 42 60 20 0 0 68 23 0 71 0 0 16 0 84 10 32 67 76 0 0 0 30 8 0 21 21 39 0 48 5 0 69 0 0 0 28 0 0 0 37 75 0 0 0 0 77 46 71 0 29 0 0 0 0 6 0 0 52 13 24 15 42 0 49 0 16 0 43 29 6 15 39 0 0 24 0 66 13 83 56 0 45 0 62 4 8 87 83 0 0 
0 0 0 55 40 44 0 0 6 4 0 0 0 1 0 43 5 0 70 0 0 14 0 82 0 0 90 0 62 0 0 25 0 0 22 37 0 4 0 16 0 0 3 77 0 29 69 32 0 30 49 0 97 0 0 39 15 18 91 13 0 36 0 53 55 0 2 49 0 87 0 0 63 57 12 22 0 44 0 33 0 0 0 15 0 9 0 19 11 64 0 99 8 83 31 30 87 53 0 7 
0 32 0 0 49 0 30 0 0 2 0 67 3 0 0 64 1 0 22 67 0 0 33 71 0 0 10 0 0 0 0 0 0 0 29 0 4 4 7 7 1 0 0 93 0 0 0 0 0 0 0 0 1 12 40 0 43 0 28 15 0 4 0 0 21 32 16 39 0 0 0 0 0 0 0 0 0 0 0 0 0 0 10 6 10 1 26 21 32 0 0 0 20 27 0 0 60 0 0 0 
0 3 0 0 0 0 1 0 0 0 0 0 14 0 0 54 0 0 0 66 0 0 0 25 0 0 0 0 0 2 0 26 0 0 0 0 0 0 0 84 13 0 0 0 17 3 0 34 12 0 22 0 0 0 25 0 9 0 69 0 0 0 0 0 60 7 14 0 88 0 0 6 20 23 27 16 0 22 0 0 0 4 18 0 0 0 9 0 4 20 23 1 1 0 0 8 73 0 20 0 
0 55 0 79 0 51 72 0 0 0 65 0 76 63 66 72 0 21 64 0 64 19 0 87 41 61 0 0 54 0 0 62 0 0 0 13 90 0 73 0 65 0 27 0 0 21 20 0 47 0 0 0 26 19 67 37 0 0 84 0 9 0 0 24 0 29 35 0 32 0 0 0 0 93 29 80 18 8 28 0 86 45 0 0 0 21 99 0 42 6 29 50 37 30 67 65 75 76 0 30 
0 4 0 34 0 0 0 0 25 0 0 19 0 0 0 0 9 0 0 0 5 22 7 3 17 0 0 21 0 31 11 0 0 0 0 30 2 0 0 13 0 0 19 0 0 0 9 0 11 0 0 0 0 0 0 0 36 16 33 0 0 21 0 38 0 0 0 0 0 0 22 0 0 0 0 0 0 0 0 0 0 13 0 0 34 0 0 83 0 0 0 21 6 0 21 13 0 0 0 65 
87 0 0 0 13 0 0 31 35 0 29 14 51 0 0 94 22 0 79 1 2 13 0 37 0 0 68 21 19 89 16 90 0 17 12 0 0 0 0 48 10 0 65 30 0 0 0 0 0 0 10 24 83 0 0 2 83 0 93 0 0 0 0 5 0 50 0 55 50 5 11 5 0 0 0 0 29 19 0 85 0 0 0 19 48 8 0 0 27 41 0 0 50 38 0 0 60 21 0 49 
0 0 0 68 74 65 0 81 0 0 0 0 46 0 0 0 54 0 25 43 0 14 0 0 0 0 77 40 57 0 32 0 0 0 0 60 0 0 2 39 18 0 0 0 37 36 18 0 21 0 0 0 0 0 45 28 0 26 21 0 0 0 0 0 0 65 74 0 0 67 10 48 0 63 0 0 61 54 0 0 54 68 0 0 89 0 52 16 5 71 0 0 52 0 55 22 37 0 0 19 
30 0 0 0 20 0 0 57 0 29 62 0 17 0 0 19 58 0 86 56 0 0 0 0 17 0 46 0 0 27 8 0 0 0 0 52 0 0 31 28 0 24 42 0 0 0 22 0 0 89 79 1 0 0 47 0 0 1 44 0 0 0 0 0 0 72 32 33 74 0 0 52 27 9 0 42 0 49 0 41 29 0 0 0 87 12 3 15 0 0 0 54 64 28 52 0 0 0 8 25 
80 6 1 0 14 35 15 0 10 0 58 0 80 17 0 34 0 19 0 28 1 60 0 88 0 21 64 0 0 34 0 59 0 37 19 69 0 0 68 97 0 0 0 96 29 37 0 39 0 0 56 0 56 31 21 6 89 0 0 0 0 0 0 59 0 0 0 14 13 12 46 52 0 92 0 0 52 0 26 45 52 0 0 0 27 0 0 0 17 0 0 0 0 0 0 0 0 0 1 83 
38 0 0 34 1 44 0 0 0 0 3 0 32 0 29 54 0 37 63 11 0 94 0 56 37 0 17 30 0 0 0 0 2 0 0 39 16 0 0 0 0 0 0 0 22 10 0 31 0 0 0 0 66 31 16 0 3 0 8 9 0 0 0 0 11 0 0 0 57 0 68 45 0 38 4 0 0 0 0 19 20 0 0 0 1 0 0 67 19 0 0 0 0 0 70 0 61 23 0 89 
0 0 0 92 77 0 23 0 0 0 27 17 33 0 0 93 40 0 0 0 0 50 0 62 2 0 0 6 0 40 0 17 27 0 0 86 8 0 0 74 25 57 45 4 26 0 0 32 0 52 56 0 0 0 0 49 32 62 77 28 0 1 30 55 0 0 88 65 75 37 80 0 39 0 0 61 0 49 0 69 0 0 0 0 55 0 0 35 55 5 0 0 0 0 0 17 0 0 15 50 
31 10 0 42 62 0 0 0 24 38 39 62 27 15 0 70 24 79 0 0 0 5 0 43 0 0 68 0 27 47 12 10 17 24 0 0 0 5 0 0 8 0 0 0 0 61 0 0 14 0 0 0 0 0 47 0 0 0 0 0 0 9 14 0 18 78 0 33 37 0 92 0 0 35 25 13 0 0 0 0 0 0 0 35 0 0 0 19 40 0 0 0 17 0 21 0 0 7 32 25 
0 0 0 76 65 93 0 0 0 0 9 0 72 0 0 72 40 64 27 72 21 89 0 0 0 0 0 24 0 0 21 0 0 0 0 9 0 0 0 82 93 49 0 73 0 17 0 29 0 0 0 51 58 0 68 29 30 8 48 0 0 0 11 40 29 45 84 69 31 0 15 5 71 43 0 0 65 67 16 21 0 81 0 0 53 0 82 0 0 0 13 0 45 39 0 41 70 15 99 39 
0 0 0 0 0 10 0 1 0 0 24 0 0 23 0 0 5 60 0 0 0 0 0 0 32 0 0 0 21 0 6 19 21 0 34 0 34 0 0 37 10 29 0 0 0 22 21 0 0 0 0 12 0 0 0 32 20 0 0 0 0 0 37 15 0 0 26 36 0 0 0 0 34 55 0 30 0 0 0 0 0 3 0 0 0 0 13 12 0 0 0 0 0 0 0 0 0 0 0 0 
0 0 23 51 32 25 0 0 0 21 0 41 50 0 0 36 61 32 0 42 0 0 0 40 26 0 54 0 63 38 0 87 0 0 0 0 36 23 65 74 0 0 36 30 0 11 0 0 38 0 57 0 21 0 0 0 16 0 0 0 0 66 4 67 79 31 0 8 0 0 0 0 27 0 30 0 0 0 0 0 0 0 0 0 0 24 0 67 0 7 3 5 43 82 13 8 0 79 31 0 
0 0 3 52 77 7 0 0 0 0 14 0 0 0 0 0 6 0 0 12 0 0 0 0 0 0 0 0 39 0 8 0 0 0 0 25 1 0 13 0 0 0 0 0 34 0 0 13 11 0 0 0 2 0 0 0 0 0 27 0 0 0 0 0 0 0 6 34 3 0 0 0 0 2 0 39 0 0 0 11 0 0 12 27 0 0 0 0 0 0 0 0 0 0 0 0 0 0 13 0 
53 0 0 0 16 39 13 0 0 0 59 0 0 0 0 0 0 0 21 0 0 7 15 0 0 29 19 0 0 57 0 3 0 0 13 0 0 0 0 20 0 0 76 0 27 0 34 0 0 43 15 0 50 0 61 11 0 0 76 0 0 94 0 66 0 0 66 44 29 77 21 49 0 98 18 24 31 0 14 50 0 0 0 0 0 0 0 0 59 0 23 0 0 38 35 0 6 68 0 45 
5 2 0 0 2 0 0 0 5 18 0 0 0 0 10 0 0 85 9 0 18 0 0 0 0 0 0 0 0 15 0 0 22 0 0 64 12 7 13 45 16 0 0 0 0 0 0 0 0 11 0 0 35 0 30 7 0 0 0 0 0 1 0 0 87 58 0 81 0 0 20 0 0 40 33 22 0 0 0 10 0 0 0 0 0 0 0 0 0 2 0 0 0 0 0 27 0 5 0 20 
0 26 7 25 15 0 0 93 0 0 0 0 3 0 0 80 84 96 23 37 0 0 9 71 0 14 51 0 0 28 0 0 36 0 25 0 5 0 36 41 0 0 0 34 32 13 88 15 11 69 0 0 59 16 19 59 0 34 0 0 0 29 36 0 46 0 88 0 20 0 88 0 30 62 0 63 72 0 0 8 0 0 0 19 24 0 0 0 70 45 0 34 0 53 0 17 44 0 0 0 
0 0 0 0 17 55 0 65 28 19 47 55 29 0 18 0 52 21 52 0 21 12 42 45 60 38 39 48 70 98 21 52 0 0 79 0 49 0 86 0 52 55 10 11 0 34 63 6 76 44 20 6 57 33 0 35 25 79 44 37 0 0 4 56 0 33 18 24 88 62 0 73 0 69 30 0 0 93 0 0 61 0 0 0 0 34 33 84 63 0 10 61 0 32 22 74 16 92 39 0 
0 0 0 0 46 14 0 0 6 0 67 85 0 0 34 61 0 34 63 0 0 86 0 58 0 3 3 0 0 24 30 11 0 0 10 4 0 0 0 0 21 0 0 38 6 0 0 18 11 6 39 0 0 11 0 0 33 0 0 0 1 0 0 33 0 21 22 28 59 0 0 55 4 99 13 0 0 0 0 17 0 8 9 0 15 0 0 19 49 0 0 0 24 0 20 0 87 0 0 0 
9 0 28 54 0 21 0 72 0 0 8 38 45 0 0 8 12 42 69 0 5 19 0 51 0 0 85 0 55 15 0 0 5 17 19 22 0 0 56 17 0 58 38 11 9 35 39 1 60 18 0 0 0 0 0 0 70 85 82 0 0 66 0 8 45 0 46 0 0 0 70 8 0 0 14 0 0 0 0 1 8 0 23 0 43 10 0 68 0 19 6 2 53 0 0 8 6 69 0 4 
72 0 10 0 0 54 0 0 0 0 54 31 0 0 0 0 29 0 19 88 0 54 0 49 0 0 0 0 6 67 0 32 11 14 0 58 0 37 19 0 19 0 47 58 0 0 0 30 31 0 6 0 56 0 0 0 54 0 6 24 0 0 0 0 29 67 1 28 15 14 44 47 0 50 0 0 56 65 0 27 0 7 0 14 0 33 0 0 5 0 0 0 71 0 79 0 38 46 0 37 
0 15 12 26 91 69 0 0 0 0 0 5 15 0 4 0 0 38 0 0 0 0 0 0 0 0 21 0 0 0 0 0 35 9 0 68 0 0 0 13 0 0 0 0 7 12 29 4 4 13 0 34 0 0 0 0 46 27 0 0 14 34 0 0 0 0 0 0 0 0 0 0 19 40 0 0 9 0 7 0 0 0 0 0 0 0 0 0 0 0 0 19 0 19 0 0 0 0 0 48 
63 0 24 15 28 0 0 0 0 0 0 0 0 2 14 0 0 88 3 0 0 0 0 0 3 0 7 0 0 0 0 29 0 21 0 0 18 0 0 29 0 0 0 0 0 16 0 0 0 0 7 14 0 0 6 0 45 16 0 25 0 0 32 0 3 0 19 36 0 4 0 0 0 66 19 0 0 0 0 0 3 2 0 0 0 0 0 0 0 0 17 37 12 14 0 0 0 0 0 70 
0 25 0 53 40 0 20 0 0 0 38 68 38 0 0 91 8 0 0 69 24 0 0 75 28 0 0 0 67 0 0 29 0 0 0 36 0 29 23 90 21 0 0 0 0 30 0 0 0 32 30 0 67 0 0 13 0 0 0 0 0 0 0 0 84 0 0 49 31 88 0 0 0 0 0 36 0 21 0 0 58 0 0 0 0 0 0 54 0 73 0 2 89 32 47 2 46 0 0 6 
44 19 0 83 70 64 0 0 0 5 0 0 0 0 0 0 0 43 13 0 0 0 0 0 5 0 29 0 28 0 0 1 0 5 0 0 0 0 0 39 0 0 0 0 13 27 0 32 0 0 6 0 0 0 0 0 0 0 0 20 0 0 38 0 58 0 0 0 0 0 0 19 25 47 6 0 0 0 0 16 0 0 0 0 0 0 0 0 0 0 11 0 0 12 5 0 1 0 0 37 
0 10 16 0 0 0 0 0 0 26 0 0 0 0 0 0 4 61 0 20 4 0 7 0 0 0 0 0 0 0 11 0 30 0 0 0 0 0 0 26 0 0 29 0 0 0 0 0 0 0 0 0 0 0 27 31 0 0 0 0 0 0 30 0 74 30 0 51 0 3 0 0 7 0 0 0 0 0 0 0 0 0 0 3 0 0 0 0 0 0 0 0 0 0 0 0 0 0 0 0 
0 0 0 58 0 16 0 12 0 0 87 18 0 0 0 40 0 85 0 0 0 37 2 97 25 0 31 0 0 0 0 29 0 0 21 40 0 0 59 0 0 0 32 98 20 72 0 0 13 0 78 0 62 2 5 0 74 0 44 1 0 76 23 0 10 0 0 60 0 0 83 69 0 6 0 0 61 44 0 0 0 0 0 0 0 0 0 84 50 0 3 0 0 0 72 0 65 31 0 65 
0 0 35 30 72 68 0 0 0 0 0 52 0 0 14 63 0 77 0 54 0 0 29 0 0 0 0 0 0 38 0 13 0 0 30 65 0 0 10 47 0 19 1 59 0 0 0 0 35 0 0 0 0 0 14 20 93 0 0 0 1 22 0 0 13 59 0 0 49 0 0 0 0 96 0 0 0 0 0 39 0 0 0 29 0 0 0 0 0 0 10 9 0 1 2 0 0 26 16 25 
36 21 19 43 73 34 0 9 0 11 0 20 0 18 0 0 0 9 1 0 17 27 0 0 6 27 19 0 0 4 16 0 0 0 0 23 0 8 0 34 0 2 6 0 7 0 0 0 0 0 0 20 23 0 47 8 50 0 26 6 0 0 0 0 19 17 10 0 15 0 53 0 0 46 0 27 0 0 0 19 7 8 0 2 0 0 0 63 0 0 0 0 0 31 0 0 0 0 0 0 
35 0 0 0 67 0 0 0 22 0 0 0 52 0 4 21 0 87 36 18 0 92 0 4 0 0 12 14 0 19 0 67 0 0 0 0 19 0 0 10 0 0 80 0 28 5 14 17 0 3 49 0 7 0 0 0 34 50 98 0 27 0 13 5 0 81 0 0 0 3 41 21 0 37 0 0 56 48 0 0 9 0 0 20 0 0 0 2 83 84 0 82 0 92 0 0 77 0 8 22 
0 0 0 0 39 59 0 0 0 31 0 24 0 0 0 0 0 44 3 0 0 0 0 37 0 0 0 0 20 0 0 0 29 0 0 0 0 11 0 14 0 0 12 0 0 36 3 0 0 0 0 7 0 0 0 26 0 0 0 0 0 0 15 0 0 0 0 0 25 0 0 0 0 0 0 0 0 37 0 10 0 7 0 6 12 0 21 19 32 0 0 9 0 0 0 0 0 0 0 7 
62 18 0 66 63 0 0 37 0 0 6 8 67 0 0 10 0 91 51 35 0 95 0 20 0 0 64 10 21 0 0 46 0 0 32 0 30 0 0 19 18 0 5 0 0 62 0 15 71 52 0 49 0 13 15 0 2 0 0 79 0 0 0 22 41 0 85 0 41 10 27 0 11 72 0 0 0 0 0 53 55 70 16 25 0 19 0 0 0 53 14 61 14 11 62 0 63 79 10 57 
57 0 0 0 0 32 0 0 0 0 22 20 0 2 0 0 8 10 89 40 0 0 34 67 0 0 80 0 88 71 0 28 0 0 0 87 0 0 17 19 0 0 59 0 0 9 52 15 0 76 60 0 0 8 0 62 0 0 0 0 18 7 25 26 19 47 0 55 0 48 43 0 64 55 10 0 94 58 9 40 0 0 0 14 6 0 0 0 0 29 0 0 13 43 50 33 45 0 0 0 
8 0 7 33 31 39 0 12 0 0 51 84 0 0 0 27 61 68 0 21 34 0 5 0 12 0 92 11 22 0 0 12 0 11 0 7 10 0 50 0 26 0 1 60 0 58 0 0 18 0 21 0 28 0 14 12 35 0 43 0 10 34 9 0 0 0 17 23 56 0 41 54 0 42 22 0 0 0 0 0 0 17 0 0 0 5 0 0 41 34 0 10 52 0 5 0 0 0 0 64 
77 0 8 0 48 15 0 0 0 3 38 26 0 0 0 8 0 15 24 2 0 0 0 0 0 0 0 0 0 2 0 0 0 13 0 51 0 0 0 83 0 0 89 0 0 0 0 0 0 18 39 0 6 0 8 12 88 21 59 6 0 29 24 0 39 86 0 43 90 0 45 60 0 0 38 0 13 0 0 0 0 0 0 0 24 0 5 0 0 2 0 0 74 0 0 0 63 0 39 22 
85 79 0 92 21 0 27 51 33 32 0 16 85 76 0 2 35 32 0 0 10 45 31 61 0 0 90 0 47 43 0 0 0 0 0 33 3 56 80 0 0 63 18 61 0 79 46 20 14 0 38 4 16 0 0 46 62 0 3 76 23 91 5 34 0 64 80 76 32 95 35 23 9 49 76 0 49 16 0 35 17 0 61 0 56 79 2 0 0 37 0 32 11 37 13 0 63 0 0 17 
0 33 15 18 0 8 0 18 0 0 0 0 0 0 0 36 31 29 0 19 8 0 0 0 28 0 29 0 0 0 0 36 0 2 0 54 20 0 0 0 0 0 5 26 23 37 0 18 0 0 0 0 35 0 64 2 0 0 0 0 28 0 0 0 0 22 14 0 53 9 0 0 0 0 0 0 8 16 0 0 1 0 0 0 0 0 0 5 0 0 14 0 0 0 0 0 79 0 0 0 
0 0 38 41 37 66 0 17 0 0 0 0 15 0 0 23 52 0 95 0 0 0 0 90 0 0 53 36 39 0 0 32 0 0 0 0 19 0 26 12 0 0 0 96 0 23 8 0 0 0 0 4 81 1 7 28 62 36 20 17 0 71 0 7 34 0 0 6 12 18 67 0 0 12 0 29 0 76 0 0 0 4 0 0 17 0 0 0 0 0 0 0 66 0 29 0 22 0 0 0 
20 0 13 63 16 74 0 28 0 0 72 72 58 0 0 0 33 0 0 0 0 68 0 0 35 0 0 34 0 0 0 3 0 0 0 73 0 4 80 17 0 20 22 0 0 0 12 0 15 54 85 7 73 0 0 18 48 87 17 35 15 0 64 0 50 0 33 5 48 41 55 0 78 0 0 14 0 25 0 39 0 0 0 0 45 0 7 0 5 30 0 84 0 51 37 0 54 0 0 0 
0 37 0 43 13 0 8 0 0 37 0 77 55 70 0 42 0 35 67 0 42 32 0 49 0 0 0 0 7 28 0 64 0 0 0 0 0 23 0 0 33 0 0 0 17 46 60 68 25 47 87 54 39 8 68 61 0 24 0 72 13 0 0 76 69 16 45 82 86 98 57 11 15 15 0 86 1 0 0 15 0 33 0 0 46 40 24 0 79 17 33 0 90 0 35 65 43 44 0 88 
0 0 73 1 0 0 0 85 0 0 0 33 55 43 0 39 65 29 42 47 14 0 1 0 44 0 30 13 0 40 0 8 0 85 0 72 78 20 20 67 40 0 0 58 17 72 0 67 13 0 48 3 0 77 34 83 0 24 0 0 40 51 30 0 98 65 81 20 0 33 0 0 0 0 0 0 46 37 14 20 79 19 31 0 26 83 17 0 21 35 61 0 77 49 0 0 0 0 63 23 
0 2 0 0 42 20 0 17 0 7 5 83 51 35 0 39 49 0 57 0 0 16 7 0 0 2 56 0 0 51 0 41 30 0 0 34 0 0 36 81 0 8 0 38 0 0 0 0 0 0 0 0 52 0 77 32 78 9 0 0 29 0 0 0 52 76 21 73 24 49 0 33 28 0 30 0 68 0 0 85 0 0 0 0 0 0 0 9 44 18 0 13 0 72 0 0 56 29 0 0 
0 0 0 0 0 49 0 32 32 0 42 71 58 0 0 8 83 25 28 0 5 11 16 0 1 0 38 81 10 0 0 0 0 11 0 9 13 0 56 23 52 0 0 19 0 0 0 23 0 76 0 4 31 1 92 0 72 7 0 78 0 34 0 0 1 51 22 67 21 66 23 67 72 15 0 51 0 28 0 4 0 88 0 0 70 0 67 80 0 11 0 0 0 23 66 0 8 31 0 2 
0 0 33 0 50 61 10 52 0 0 1 0 10 18 5 49 0 84 0 0 0 79 0 47 0 0 0 76 0 20 35 36 0 0 0 67 0 0 0 0 0 72 0 0 0 0 11 0 0 54 0 24 2 0 0 4 40 1 96 27 0 50 20 1 90 59 53 92 72 56 70 91 46 0 11 92 55 0 0 35 23 0 0 0 7 0 0 0 35 85 11 0 78 58 81 0 53 60 0 1 
46 0 0 78 27 18 0 0 0 0 22 31 0 0 29 0 0 40 0 64 17 0 0 0 0 0 33 0 0 32 35 0 0 0 13 8 0 0 2 75 0 0 0 57 11 0 10 0 0 22 0 0 0 8 0 0 56 14 46 0 0 0 0 11 70 10 0 68 48 0 13 0 0 0 3 1 11 0 1 0 0 4 33 35 0 0 23 0 0 0 3 0 26 0 0 37 48 4 0 60 
0 0 0 41 0 0 0 0 0 39 0 0 15 3 0 89 0 0 0 38 10 38 0 6 13 0 15 22 0 0 0 0 0 0 0 53 0 0 10 78 0 0 0 0 0 4 0 0 8 0 0 0 0 23 90 23 41 0 35 0 0 0 8 0 78 18 10 48 22 0 50 62 0 0 1 22 0 21 22 55 4 0 0 0 0 18 0 62 0 0 8 1 97 31 0 30 41 10 0 67 
32 38 0 70 34 0 9 20 0 0 0 20 40 20 0 0 0 0 0 30 0 22 0 29 25 17 0 0 0 1 0 47 0 0 0 7 0 11 82 53 0 0 39 0 0 55 0 0 8 20 45 0 94 0 51 0 44 0 0 0 18 72 0 0 70 51 0 34 15 18 91 49 0 75 0 0 0 0 0 51 0 0 0 0 0 0 0 43 7 0 38 0 70 12 31 0 32 0 0 34 
74 0 0 0 0 44 61 33 0 0 56 28 8 0 0 0 41 0 70 0 0 0 0 0 0 0 14 73 49 42 0 45 0 0 5 89 0 0 10 40 94 20 50 0 0 16 35 84 15 37 74 77 22 0 74 0 98 0 42 49 0 63 0 59 0 0 88 0 13 0 0 16 3 33 0 0 49 81 6 0 99 44 0 0 85 39 0 0 0 0 0 0 0 59 11 63 0 0 90 37 
28 34 0 88 75 0 30 0 0 0 59 13 0 0 0 76 11 70 0 49 0 0 0 16 7 0 46 0 0 39 0 14 1 12 19 0 0 1 71 4 0 0 40 0 0 0 0 32 0 38 61 22 60 18 22 0 87 21 40 0 0 22 0 25 0 0 0 3 58 55 0 65 0 0 0 17 0 12 0 5 35 0 7 34 0 33 25 0 0 77 1 0 0 11 0 9 0 20 0 46 
79 12 0 50 55 0 0 0 32 0 0 79 64 0 0 63 0 0 50 22 16 24 0 61 0 0 0 34 3 98 0 0 0 0 0 57 0 0 10 0 16 0 0 0 0 0 0 0 0 0 20 8 0 0 41 0 0 1 27 19 10 0 0 0 32 0 0 44 63 16 22 27 33 42 0 0 0 0 0 69 0 2 0 0 0 8 0 0 0 0 2 14 0 0 27 21 7 0 0 0 
37 0 1 0 38 58 9 0 0 33 0 0 0 13 24 0 62 0 75 1 26 28 0 77 0 15 0 0 0 0 0 62 6 22 8 29 0 0 23 78 0 0 0 6 0 0 0 2 0 15 0 0 0 0 41 0 34 0 54 0 0 46 3 10 0 0 0 0 81 0 0 0 0 17 0 0 5 45 0 68 2 0 0 0 0 0 0 53 0 0 0 0 73 0 78 0 9 0 0 71 
0 0 0 7 0 0 27 0 0 20 0 71 91 0 1 68 0 74 0 11 0 43 0 49 14 0 0 16 10 7 0 0 0 7 0 0 26 10 0 59 0 0 67 40 0 0 22 0 0 0 0 7 0 17 73 0 17 0 50 24 0 0 19 0 27 41 0 0 68 0 0 67 0 14 0 0 0 32 0 62 0 0 0 0 0 0 0 42 14 0 0 29 0 0 0 0 0 14 0 0 
0 0 0 51 0 27 0 5 0 3 48 34 31 0 0 10 1 0 0 0 0 0 0 0 0 0 72 50 0 47 13 47 0 0 8 20 33 0 71 32 0 0 49 0 0 0 56 0 10 63 7 0 7 0 6 0 35 43 0 0 0 46 0 7 39 55 0 0 9 90 85 0 24 33 28 0 30 46 0 38 58 59 0 4 58 0 26 0 0 55 0 0 0 60 85 0 61 30 0 0 
13 0 0 23 55 62 0 17 0 0 0 20 0 11 3 0 0 65 17 7 0 14 0 0 0 0 0 0 35 37 0 34 0 7 0 56 0 0 0 0 0 0 0 0 0 16 0 0 32 38 0 11 18 0 37 29 48 0 34 0 0 0 0 0 13 28 0 0 15 0 7 22 0 59 0 0 21 0 0 0 0 0 0 2 0 0 0 0 0 0 1 12 0 0 15 0 0 7 8 52 
30 32 0 49 19 0 15 0 0 0 51 41 16 0 0 64 0 6 0 0 0 0 37 74 21 0 37 0 0 0 0 15 0 0 0 2 0 32 41 29 0 0 87 21 0 83 0 14 39 30 0 13 0 0 0 0 61 0 0 19 0 18 0 0 25 35 7 33 78 0 0 0 29 70 0 8 17 24 0 68 0 13 0 25 0 0 0 0 0 67 28 0 54 48 0 0 0 0 26 0 
88 10 0 18 15 0 0 66 11 0 0 72 0 0 25 83 33 36 0 40 1 0 10 97 0 0 5 48 75 0 0 0 0 0 0 39 24 9 68 89 0 61 2 0 12 19 31 15 0 0 32 0 0 0 76 0 0 48 70 84 0 0 17 24 32 3 51 6 28 83 0 0 0 86 0 12 61 0 0 20 6 29 4 0 22 0 39 13 89 0 0 88 28 37 64 54 0 0 0 0 
0 0 0 0 59 0 39 0 0 15 0 14 0 5 0 0 0 32 0 0 0 0 14 0 0 0 13 31 0 0 0 0 0 39 1 0 0 1 27 0 33 0 15 28 0 0 0 0 0 0 0 0 0 0 2 12 22 0 0 15 13 0 0 0 0 0 0 0 23 0 0 0 0 0 0 13 0 0 0 6 6 0 0 0 37 0 0 0 0 0 0 0 9 0 17 29 0 1 11 0 
Objective Function Value: 83094


Parameters for Simulated Annealing Algorithm:
------------------------------------------------
Number of iterations: 100000
Maximum chain size: 100
Maximum Stagnation: 100
Initial temperature (T_0): 109322
Beta: 0.8
Update type: 1 [0: LINEAR | 1: GEOMETRIC | 2: LOGARITMIC]
Neigborhood: 0 [0: SWAP | 1: 2-OPT]

Simulated Annealing Algorithm Execution:
------------------------------------------------
Iteration: 0 T_k: NaN chain_size: 100 stagnation: 0 OFV: 83094
Iteration: 1 T_k: 109322 chain_size: 100 stagnation: 0 OFV: 77611 dt: 25453528
Iteration: 2 T_k: 87457.6 chain_size: 100 stagnation: 0 OFV: 73743 dt: 26796310
Iteration: 3 T_k: 69966.1 chain_size: 100 stagnation: 0 OFV: 82120 dt: 26337154
Iteration: 4 T_k: 55972.9 chain_size: 100 stagnation: 0 OFV: 82787 dt: 25550904
Iteration: 5 T_k: 44778.3 chain_size: 100 stagnation: 0 OFV: 77383 dt: 25174652
Iteration: 6 T_k: 35822.6 chain_size: 100 stagnation: 0 OFV: 84887 dt: 26813016
Iteration: 7 T_k: 28658.1 chain_size: 100 stagnation: 0 OFV: 84248 dt: 26405787
Iteration: 8 T_k: 22926.5 chain_size: 100 stagnation: 0 OFV: 86949 dt: 26844262
Iteration: 9 T_k: 18341.2 chain_size: 100 stagnation: 0 OFV: 88608 dt: 24986866
Iteration: 10 T_k: 14673 chain_size: 100 stagnation: 0 OFV: 79027 dt: 24987285
Iteration: 11 T_k: 11738.4 chain_size: 100 stagnation: 0 OFV: 87727 dt: 25052531
Iteration: 12 T_k: 9390.69 chain_size: 100 stagnation: 0 OFV: 81476 dt: 24985537
Iteration: 13 T_k: 7512.55 chain_size: 100 stagnation: 0 OFV: 86851 dt: 24990036
Iteration: 14 T_k: 6010.04 chain_size: 100 stagnation: 0 OFV: 84709 dt: 24978346
Iteration: 15 T_k: 4808.03 chain_size: 100 stagnation: 0 OFV: 86906 dt: 24976260
Iteration: 16 T_k: 3846.43 chain_size: 100 stagnation: 0 OFV: 84235 dt: 24992962
Iteration: 17 T_k: 3077.14 chain_size: 100 stagnation: 0 OFV: 89423 dt: 25461451
Iteration: 18 T_k: 2461.71 chain_size: 100 stagnation: 0 OFV: 94503 dt: 25166876
Iteration: 19 T_k: 1969.37 chain_size: 100 stagnation: 0 OFV: 91413 dt: 26812154
Iteration: 20 T_k: 1575.5 chain_size: 100 stagnation: 0 OFV: 97788 dt: 26980063
Iteration: 21 T_k: 1260.4 chain_size: 100 stagnation: 0 OFV: 103228 dt: 26801531
Iteration: 22 T_k: 1008.32 chain_size: 100 stagnation: 0 OFV: 98731 dt: 25227788
Iteration: 23 T_k: 806.654 chain_size: 100 stagnation: 0 OFV: 103740 dt: 25359655
Iteration: 24 T_k: 645.323 chain_size: 100 stagnation: 0 OFV: 107803 dt: 25368627
Iteration: 25 T_k: 516.259 chain_size: 100 stagnation: 0 OFV: 108546 dt: 26315415
Iteration: 26 T_k: 413.007 chain_size: 100 stagnation: 0 OFV: 111327 dt: 25068390
Iteration: 27 T_k: 330.405 chain_size: 100 stagnation: 0 OFV: 113168 dt: 25500846
Iteration: 28 T_k: 264.324 chain_size: 100 stagnation: 0 OFV: 117020 dt: 25151774
Iteration: 29 T_k: 211.46 chain_size: 100 stagnation: 0 OFV: 118343 dt: 25395252
Iteration: 30 T_k: 169.168 chain_size: 100 stagnation: 0 OFV: 121435 dt: 25005902
Iteration: 31 T_k: 135.334 chain_size: 100 stagnation: 0 OFV: 123774 dt: 24989654
Iteration: 32 T_k: 108.267 chain_size: 100 stagnation: 0 OFV: 124991 dt: 25000614
Iteration: 33 T_k: 86.6138 chain_size: 100 stagnation: 0 OFV: 126675 dt: 24986111
Iteration: 34 T_k: 69.291 chain_size: 100 stagnation: 0 OFV: 128367 dt: 24998889
Iteration: 35 T_k: 55.4328 chain_size: 100 stagnation: 0 OFV: 128884 dt: 24969571
Iteration: 36 T_k: 44.3463 chain_size: 100 stagnation: 0 OFV: 129540 dt: 25006109
Iteration: 37 T_k: 35.477 chain_size: 100 stagnation: 0 OFV: 130032 dt: 24977244
Iteration: 38 T_k: 28.3816 chain_size: 100 stagnation: 0 OFV: 131025 dt: 24976758
Iteration: 39 T_k: 22.7053 chain_size: 100 stagnation: 0 OFV: 131856 dt: 24935409
Iteration: 40 T_k: 18.1642 chain_size: 100 stagnation: 0 OFV: 132333 dt: 25102018
Iteration: 41 T_k: 14.5314 chain_size: 100 stagnation: 0 OFV: 133103 dt: 25065004
Iteration: 42 T_k: 11.6251 chain_size: 100 stagnation: 0 OFV: 134294 dt: 24990385
Iteration: 43 T_k: 9.30009 chain_size: 100 stagnation: 0 OFV: 135090 dt: 25015735
Iteration: 44 T_k: 7.44007 chain_size: 100 stagnation: 0 OFV: 135606 dt: 24996505
Iteration: 45 T_k: 5.95206 chain_size: 100 stagnation: 0 OFV: 136966 dt: 25054999
Iteration: 46 T_k: 4.76164 chain_size: 100 stagnation: 0 OFV: 137574 dt: 25020870
Iteration: 47 T_k: 3.80932 chain_size: 100 stagnation: 0 OFV: 137665 dt: 25013015
Iteration: 48 T_k: 3.04745 chain_size: 100 stagnation: 0 OFV: 137800 dt: 25239412
Iteration: 49 T_k: 2.43796 chain_size: 100 stagnation: 0 OFV: 138566 dt: 25063924
Iteration: 50 T_k: 1.95037 chain_size: 100 stagnation: 0 OFV: 138720 dt: 25005148
Iteration: 51 T_k: 1.5603 chain_size: 100 stagnation: 0 OFV: 138720 dt: 25018219
Iteration: 52 T_k: 1.24824 chain_size: 100 stagnation: 1 OFV: 139012 dt: 25005791
Iteration: 53 T_k: 0.998589 chain_size: 100 stagnation: 0 OFV: 139183 dt: 25010211
Iteration: 54 T_k: 0.798871 chain_size: 100 stagnation: 0 OFV: 140150 dt: 25017008
Iteration: 55 T_k: 0.639097 chain_size: 100 stagnation: 0 OFV: 140411 dt: 25017994
Iteration: 56 T_k: 0.511278 chain_size: 100 stagnation: 0 OFV: 141029 dt: 25008047
Iteration: 57 T_k: 0.409022 chain_size: 100 stagnation: 0 OFV: 141138 dt: 25019160
Iteration: 58 T_k: 0.327218 chain_size: 100 stagnation: 0 OFV: 141221 dt: 25016543
Iteration: 59 T_k: 0.261774 chain_size: 100 stagnation: 0 OFV: 141221 dt: 25023923
Iteration: 60 T_k: 0.209419 chain_size: 100 stagnation: 1 OFV: 141221 dt: 25017635
Iteration: 61 T_k: 0.167535 chain_size: 100 stagnation: 2 OFV: 141243 dt: 25020537
Iteration: 62 T_k: 0.134028 chain_size: 100 stagnation: 0 OFV: 141296 dt: 25053336
Iteration: 63 T_k: 0.107223 chain_size: 100 stagnation: 0 OFV: 141296 dt: 25009098
Iteration: 64 T_k: 0.0857782 chain_size: 100 stagnation: 1 OFV: 141321 dt: 24995443
Iteration: 65 T_k: 0.0686225 chain_size: 100 stagnation: 0 OFV: 141489 dt: 24999252
Iteration: 66 T_k: 0.054898 chain_size: 100 stagnation: 0 OFV: 141540 dt: 25006206
Iteration: 67 T_k: 0.0439184 chain_size: 100 stagnation: 0 OFV: 141540 dt: 25015861
Iteration: 68 T_k: 0.0351347 chain_size: 100 stagnation: 1 OFV: 141553 dt: 24986393
Iteration: 69 T_k: 0.0281078 chain_size: 100 stagnation: 0 OFV: 141553 dt: 26557558
Iteration: 70 T_k: 0.0224862 chain_size: 100 stagnation: 1 OFV: 141564 dt: 26709006
Iteration: 71 T_k: 0.017989 chain_size: 100 stagnation: 0 OFV: 141626 dt: 25270699
Iteration: 72 T_k: 0.0143912 chain_size: 100 stagnation: 0 OFV: 141626 dt: 26403207
Iteration: 73 T_k: 0.011513 chain_size: 100 stagnation: 1 OFV: 141654 dt: 25089582
Iteration: 74 T_k: 0.00921036 chain_size: 100 stagnation: 0 OFV: 141731 dt: 24957167
Iteration: 75 T_k: 0.00736829 chain_size: 100 stagnation: 0 OFV: 141858 dt: 24975631
Iteration: 76 T_k: 0.00589463 chain_size: 100 stagnation: 0 OFV: 141950 dt: 24964728
Iteration: 77 T_k: 0.0047157 chain_size: 100 stagnation: 0 OFV: 141950 dt: 26803461
Iteration: 78 T_k: 0.00377256 chain_size: 100 stagnation: 1 OFV: 142002 dt: 25678343
Iteration: 79 T_k: 0.00301805 chain_size: 100 stagnation: 0 OFV: 142016 dt: 26881521
Iteration: 80 T_k: 0.00241444 chain_size: 100 stagnation: 0 OFV: 142016 dt: 25160730
Iteration: 81 T_k: 0.00193155 chain_size: 100 stagnation: 1 OFV: 142039 dt: 26702864
Iteration: 82 T_k: 0.00154524 chain_size: 100 stagnation: 0 OFV: 142043 dt: 24982306
Iteration: 83 T_k: 0.00123619 chain_size: 100 stagnation: 0 OFV: 142054 dt: 24952256
Iteration: 84 T_k: 0.000988955 chain_size: 100 stagnation: 0 OFV: 142057 dt: 24952601
Iteration: 85 T_k: 0.000791164 chain_size: 100 stagnation: 0 OFV: 142057 dt: 24955919
Iteration: 86 T_k: 0.000632931 chain_size: 100 stagnation: 1 OFV: 142057 dt: 24931185
Iteration: 87 T_k: 0.000506345 chain_size: 100 stagnation: 2 OFV: 142057 dt: 24930433
Iteration: 88 T_k: 0.000405076 chain_size: 100 stagnation: 3 OFV: 142275 dt: 24942674
Iteration: 89 T_k: 0.000324061 chain_size: 100 stagnation: 0 OFV: 142275 dt: 24940707
Iteration: 90 T_k: 0.000259249 chain_size: 100 stagnation: 1 OFV: 142574 dt: 24940253
Iteration: 91 T_k: 0.000207399 chain_size: 100 stagnation: 0 OFV: 142752 dt: 24958816
Iteration: 92 T_k: 0.000165919 chain_size: 100 stagnation: 0 OFV: 142752 dt: 24930446
Iteration: 93 T_k: 0.000132735 chain_size: 100 stagnation: 1 OFV: 142887 dt: 24964852
Iteration: 94 T_k: 0.000106188 chain_size: 100 stagnation: 0 OFV: 142887 dt: 24941072
Iteration: 95 T_k: 8.49506e-05 chain_size: 100 stagnation: 1 OFV: 142889 dt: 24934142
Iteration: 96 T_k: 6.79605e-05 chain_size: 100 stagnation: 0 OFV: 142904 dt: 24942662
Iteration: 97 T_k: 5.43684e-05 chain_size: 100 stagnation: 0 OFV: 142957 dt: 24947481
Iteration: 98 T_k: 4.34947e-05 chain_size: 100 stagnation: 0 OFV: 142957 dt: 24947207
Iteration: 99 T_k: 3.47958e-05 chain_size: 100 stagnation: 1 OFV: 142960 dt: 24938712
Iteration: 100 T_k: 2.78366e-05 chain_size: 100 stagnation: 0 OFV: 142974 dt: 24947629
Iteration: 101 T_k: 2.22693e-05 chain_size: 100 stagnation: 0 OFV: 143071 dt: 24983473
Iteration: 102 T_k: 1.78154e-05 chain_size: 100 stagnation: 0 OFV: 143071 dt: 24923947
Iteration: 103 T_k: 1.42523e-05 chain_size: 100 stagnation: 1 OFV: 143071 dt: 24956057
Iteration: 104 T_k: 1.14019e-05 chain_size: 100 stagnation: 2 OFV: 143071 dt: 24963103
Iteration: 105 T_k: 9.1215e-06 chain_size: 100 stagnation: 3 OFV: 143071 dt: 25091310
Iteration: 106 T_k: 7.2972e-06 chain_size: 100 stagnation: 4 OFV: 143071 dt: 24953223
Iteration: 107 T_k: 5.83776e-06 chain_size: 100 stagnation: 5 OFV: 143071 dt: 24950220
Iteration: 108 T_k: 4.67021e-06 chain_size: 100 stagnation: 6 OFV: 143078 dt: 24951411
Iteration: 109 T_k: 3.73617e-06 chain_size: 100 stagnation: 0 OFV: 143112 dt: 24950739
Iteration: 110 T_k: 2.98893e-06 chain_size: 100 stagnation: 0 OFV: 143112 dt: 24927004
Iteration: 111 T_k: 2.39115e-06 chain_size: 100 stagnation: 1 OFV: 143112 dt: 24960460
Iteration: 112 T_k: 1.91292e-06 chain_size: 100 stagnation: 2 OFV: 143112 dt: 24934966
Iteration: 113 T_k: 1.53033e-06 chain_size: 100 stagnation: 3 OFV: 143112 dt: 24955849
Iteration: 114 T_k: 1.22427e-06 chain_size: 100 stagnation: 4 OFV: 143112 dt: 24953923
Iteration: 115 T_k: 9.79413e-07 chain_size: 100 stagnation: 5 OFV: 143133 dt: 24954253
Iteration: 116 T_k: 7.83531e-07 chain_size: 100 stagnation: 0 OFV: 143133 dt: 24940452
Iteration: 117 T_k: 6.26825e-07 chain_size: 100 stagnation: 1 OFV: 143133 dt: 24979829
Iteration: 118 T_k: 5.0146e-07 chain_size: 100 stagnation: 2 OFV: 143180 dt: 24944838
Iteration: 119 T_k: 4.01168e-07 chain_size: 100 stagnation: 0 OFV: 143251 dt: 25015051
Iteration: 120 T_k: 3.20934e-07 chain_size: 100 stagnation: 0 OFV: 143258 dt: 24982483
Iteration: 121 T_k: 2.56747e-07 chain_size: 100 stagnation: 0 OFV: 143258 dt: 25054014
Iteration: 122 T_k: 2.05398e-07 chain_size: 100 stagnation: 1 OFV: 143265 dt: 24965815
Iteration: 123 T_k: 1.64318e-07 chain_size: 100 stagnation: 0 OFV: 143265 dt: 24973243
Iteration: 124 T_k: 1.31455e-07 chain_size: 100 stagnation: 1 OFV: 143391 dt: 25014691
Iteration: 125 T_k: 1.05164e-07 chain_size: 100 stagnation: 0 OFV: 143391 dt: 24984989
Iteration: 126 T_k: 8.4131e-08 chain_size: 100 stagnation: 1 OFV: 143391 dt: 24974552
Iteration: 127 T_k: 6.73048e-08 chain_size: 100 stagnation: 2 OFV: 143502 dt: 25009571
Iteration: 128 T_k: 5.38438e-08 chain_size: 100 stagnation: 0 OFV: 143502 dt: 24938100
Iteration: 129 T_k: 4.30751e-08 chain_size: 100 stagnation: 1 OFV: 143502 dt: 25002582
Iteration: 130 T_k: 3.446e-08 chain_size: 100 stagnation: 2 OFV: 143502 dt: 24949587
Iteration: 131 T_k: 2.7568e-08 chain_size: 100 stagnation: 3 OFV: 143502 dt: 24949338
Iteration: 132 T_k: 2.20544e-08 chain_size: 100 stagnation: 4 OFV: 143502 dt: 25004804
Iteration: 133 T_k: 1.76435e-08 chain_size: 100 stagnation: 5 OFV: 143502 dt: 24971010
Iteration: 134 T_k: 1.41148e-08 chain_size: 100 stagnation: 6 OFV: 143502 dt: 24957153
Iteration: 135 T_k: 1.12919e-08 chain_size: 100 stagnation: 7 OFV: 143502 dt: 25013149
Iteration: 136 T_k: 9.0335e-09 chain_size: 100 stagnation: 8 OFV: 143508 dt: 24981403
Iteration: 137 T_k: 7.2268e-09 chain_size: 100 stagnation: 0 OFV: 143508 dt: 24956623
Iteration: 138 T_k: 5.78144e-09 chain_size: 100 stagnation: 1 OFV: 143508 dt: 24952009
Iteration: 139 T_k: 4.62515e-09 chain_size: 100 stagnation: 2 OFV: 143508 dt: 24945969
Iteration: 140 T_k: 3.70012e-09 chain_size: 100 stagnation: 3 OFV: 143508 dt: 24966584
Iteration: 141 T_k: 2.9601e-09 chain_size: 100 stagnation: 4 OFV: 143508 dt: 24959908
Iteration: 142 T_k: 2.36808e-09 chain_size: 100 stagnation: 5 OFV: 143570 dt: 24967263
Iteration: 143 T_k: 1.89446e-09 chain_size: 100 stagnation: 0 OFV: 143570 dt: 25050292
Iteration: 144 T_k: 1.51557e-09 chain_size: 100 stagnation: 1 OFV: 143753 dt: 26906819
Iteration: 145 T_k: 1.21246e-09 chain_size: 100 stagnation: 0 OFV: 143753 dt: 26713246
Iteration: 146 T_k: 9.69964e-10 chain_size: 100 stagnation: 1 OFV: 143795 dt: 25245417
Iteration: 147 T_k: 7.75971e-10 chain_size: 100 stagnation: 0 OFV: 143795 dt: 25293020
Iteration: 148 T_k: 6.20777e-10 chain_size: 100 stagnation: 1 OFV: 143809 dt: 25351717
Iteration: 149 T_k: 4.96622e-10 chain_size: 100 stagnation: 0 OFV: 143809 dt: 26457496
Iteration: 150 T_k: 3.97297e-10 chain_size: 100 stagnation: 1 OFV: 143815 dt: 25205521
Iteration: 151 T_k: 3.17838e-10 chain_size: 100 stagnation: 0 OFV: 143815 dt: 26329713
Iteration: 152 T_k: 2.5427e-10 chain_size: 100 stagnation: 1 OFV: 143815 dt: 26050162
Iteration: 153 T_k: 2.03416e-10 chain_size: 100 stagnation: 2 OFV: 143834 dt: 26627261
Iteration: 154 T_k: 1.62733e-10 chain_size: 100 stagnation: 0 OFV: 143834 dt: 25184217
Iteration: 155 T_k: 1.30186e-10 chain_size: 100 stagnation: 1 OFV: 143834 dt: 25325163
Iteration: 156 T_k: 1.04149e-10 chain_size: 100 stagnation: 2 OFV: 143834 dt: 25312813
Iteration: 157 T_k: 8.33193e-11 chain_size: 100 stagnation: 3 OFV: 143834 dt: 26425978
Iteration: 158 T_k: 6.66554e-11 chain_size: 100 stagnation: 4 OFV: 143834 dt: 26312625
Iteration: 159 T_k: 5.33243e-11 chain_size: 100 stagnation: 5 OFV: 143834 dt: 25296087
Iteration: 160 T_k: 4.26595e-11 chain_size: 100 stagnation: 6 OFV: 143834 dt: 25206512
Iteration: 161 T_k: 3.41276e-11 chain_size: 100 stagnation: 7 OFV: 143834 dt: 25363262
Iteration: 162 T_k: 2.73021e-11 chain_size: 100 stagnation: 8 OFV: 143834 dt: 25099852
Iteration: 163 T_k: 2.18417e-11 chain_size: 100 stagnation: 9 OFV: 143845 dt: 25416824
Iteration: 164 T_k: 1.74733e-11 chain_size: 100 stagnation: 0 OFV: 143845 dt: 26493379
Iteration: 165 T_k: 1.39787e-11 chain_size: 100 stagnation: 1 OFV: 143845 dt: 26738105
Iteration: 166 T_k: 1.11829e-11 chain_size: 100 stagnation: 2 OFV: 143845 dt: 26035134
Iteration: 167 T_k: 8.94634e-12 chain_size: 100 stagnation: 3 OFV: 143845 dt: 24975824
Iteration: 168 T_k: 7.15707e-12 chain_size: 100 stagnation: 4 OFV: 143845 dt: 24971539
Iteration: 169 T_k: 5.72566e-12 chain_size: 100 stagnation: 5 OFV: 143845 dt: 24955081
Iteration: 170 T_k: 4.58053e-12 chain_size: 100 stagnation: 6 OFV: 143845 dt: 24957995
Iteration: 171 T_k: 3.66442e-12 chain_size: 100 stagnation: 7 OFV: 143845 dt: 24986997
Iteration: 172 T_k: 2.93154e-12 chain_size: 100 stagnation: 8 OFV: 143845 dt: 24958993
Iteration: 173 T_k: 2.34523e-12 chain_size: 100 stagnation: 9 OFV: 143845 dt: 24972479
Iteration: 174 T_k: 1.87618e-12 chain_size: 100 stagnation: 10 OFV: 143845 dt: 24965404
Iteration: 175 T_k: 1.50095e-12 chain_size: 100 stagnation: 11 OFV: 143845 dt: 24963941
Iteration: 176 T_k: 1.20076e-12 chain_size: 100 stagnation: 12 OFV: 143867 dt: 24954706
Iteration: 177 T_k: 9.60606e-13 chain_size: 100 stagnation: 0 OFV: 143880 dt: 24951429
Iteration: 178 T_k: 7.68485e-13 chain_size: 100 stagnation: 0 OFV: 143880 dt: 24968637
Iteration: 179 T_k: 6.14788e-13 chain_size: 100 stagnation: 1 OFV: 143880 dt: 25009636
Iteration: 180 T_k: 4.9183e-13 chain_size: 100 stagnation: 2 OFV: 143880 dt: 24982064
Iteration: 181 T_k: 3.93464e-13 chain_size: 100 stagnation: 3 OFV: 143880 dt: 24989716
Iteration: 182 T_k: 3.14771e-13 chain_size: 100 stagnation: 4 OFV: 143880 dt: 24969197
Iteration: 183 T_k: 2.51817e-13 chain_size: 100 stagnation: 5 OFV: 143880 dt: 24967885
Iteration: 184 T_k: 2.01454e-13 chain_size: 100 stagnation: 6 OFV: 143880 dt: 24971175
Iteration: 185 T_k: 1.61163e-13 chain_size: 100 stagnation: 7 OFV: 143880 dt: 25030839
Iteration: 186 T_k: 1.2893e-13 chain_size: 100 stagnation: 8 OFV: 143880 dt: 24995309
Iteration: 187 T_k: 1.03144e-13 chain_size: 100 stagnation: 9 OFV: 143880 dt: 24978342
Iteration: 188 T_k: 8.25154e-14 chain_size: 100 stagnation: 10 OFV: 143880 dt: 24970294
Iteration: 189 T_k: 6.60123e-14 chain_size: 100 stagnation: 11 OFV: 143880 dt: 24980557
Iteration: 190 T_k: 5.28099e-14 chain_size: 100 stagnation: 12 OFV: 143880 dt: 24976940
Iteration: 191 T_k: 4.22479e-14 chain_size: 100 stagnation: 13 OFV: 143880 dt: 24940611
Iteration: 192 T_k: 3.37983e-14 chain_size: 100 stagnation: 14 OFV: 143880 dt: 24946806
Iteration: 193 T_k: 2.70387e-14 chain_size: 100 stagnation: 15 OFV: 143880 dt: 24932182
Iteration: 194 T_k: 2.16309e-14 chain_size: 100 stagnation: 16 OFV: 143880 dt: 24950836
Iteration: 195 T_k: 1.73047e-14 chain_size: 100 stagnation: 17 OFV: 143880 dt: 24968359
Iteration: 196 T_k: 1.38438e-14 chain_size: 100 stagnation: 18 OFV: 143880 dt: 24942743
Iteration: 197 T_k: 1.1075e-14 chain_size: 100 stagnation: 19 OFV: 143900 dt: 24942499
Iteration: 198 T_k: 8.86003e-15 chain_size: 100 stagnation: 0 OFV: 143900 dt: 25010877
Iteration: 199 T_k: 7.08802e-15 chain_size: 100 stagnation: 1 OFV: 143900 dt: 24977664
Iteration: 200 T_k: 5.67042e-15 chain_size: 100 stagnation: 2 OFV: 143900 dt: 24959904
Iteration: 201 T_k: 4.53633e-15 chain_size: 100 stagnation: 3 OFV: 143900 dt: 24954840
Iteration: 202 T_k: 3.62907e-15 chain_size: 100 stagnation: 4 OFV: 143900 dt: 25300360
Iteration: 203 T_k: 2.90325e-15 chain_size: 100 stagnation: 5 OFV: 143900 dt: 24953870
Iteration: 204 T_k: 2.3226e-15 chain_size: 100 stagnation: 6 OFV: 143900 dt: 24960374
Iteration: 205 T_k: 1.85808e-15 chain_size: 100 stagnation: 7 OFV: 143900 dt: 24953564
Iteration: 206 T_k: 1.48647e-15 chain_size: 100 stagnation: 8 OFV: 143900 dt: 24935418
Iteration: 207 T_k: 1.18917e-15 chain_size: 100 stagnation: 9 OFV: 143900 dt: 24939136
Iteration: 208 T_k: 9.51338e-16 chain_size: 100 stagnation: 10 OFV: 143900 dt: 24927274
Iteration: 209 T_k: 7.6107e-16 chain_size: 100 stagnation: 11 OFV: 143900 dt: 24940899
Iteration: 210 T_k: 6.08856e-16 chain_size: 100 stagnation: 12 OFV: 143900 dt: 24958606
Iteration: 211 T_k: 4.87085e-16 chain_size: 100 stagnation: 13 OFV: 143900 dt: 24944616
Iteration: 212 T_k: 3.89668e-16 chain_size: 100 stagnation: 14 OFV: 143900 dt: 24932520
Iteration: 213 T_k: 3.11734e-16 chain_size: 100 stagnation: 15 OFV: 143900 dt: 24941029
Iteration: 214 T_k: 2.49388e-16 chain_size: 100 stagnation: 16 OFV: 143900 dt: 24927980
Iteration: 215 T_k: 1.9951e-16 chain_size: 100 stagnation: 17 OFV: 143900 dt: 24940394
Iteration: 216 T_k: 1.59608e-16 chain_size: 100 stagnation: 18 OFV: 143900 dt: 24936042
Iteration: 217 T_k: 1.27686e-16 chain_size: 100 stagnation: 19 OFV: 143900 dt: 24940555
Iteration: 218 T_k: 1.02149e-16 chain_size: 100 stagnation: 20 OFV: 143900 dt: 24945148
Iteration: 219 T_k: 8.17193e-17 chain_size: 100 stagnation: 21 OFV: 143900 dt: 24942321
Iteration: 220 T_k: 6.53755e-17 chain_size: 100 stagnation: 22 OFV: 143900 dt: 24948728
Iteration: 221 T_k: 5.23004e-17 chain_size: 100 stagnation: 23 OFV: 143900 dt: 24954432
Iteration: 222 T_k: 4.18403e-17 chain_size: 100 stagnation: 24 OFV: 143900 dt: 24935505
Iteration: 223 T_k: 3.34722e-17 chain_size: 100 stagnation: 25 OFV: 143900 dt: 24966797
Iteration: 224 T_k: 2.67778e-17 chain_size: 100 stagnation: 26 OFV: 143900 dt: 24943909
Iteration: 225 T_k: 2.14222e-17 chain_size: 100 stagnation: 27 OFV: 143900 dt: 24947206
Iteration: 226 T_k: 1.71378e-17 chain_size: 100 stagnation: 28 OFV: 143900 dt: 24943710
Iteration: 227 T_k: 1.37102e-17 chain_size: 100 stagnation: 29 OFV: 143900 dt: 24953994
Iteration: 228 T_k: 1.09682e-17 chain_size: 100 stagnation: 30 OFV: 143900 dt: 24952584
Iteration: 229 T_k: 8.77454e-18 chain_size: 100 stagnation: 31 OFV: 143900 dt: 24950711
Iteration: 230 T_k: 7.01964e-18 chain_size: 100 stagnation: 32 OFV: 143900 dt: 24960765
Iteration: 231 T_k: 5.61571e-18 chain_size: 100 stagnation: 33 OFV: 143900 dt: 24950015
Iteration: 232 T_k: 4.49257e-18 chain_size: 100 stagnation: 34 OFV: 143900 dt: 24954197
Iteration: 233 T_k: 3.59405e-18 chain_size: 100 stagnation: 35 OFV: 143900 dt: 24935155
Iteration: 234 T_k: 2.87524e-18 chain_size: 100 stagnation: 36 OFV: 143900 dt: 24936896
Iteration: 235 T_k: 2.30019e-18 chain_size: 100 stagnation: 37 OFV: 143900 dt: 24927798
Iteration: 236 T_k: 1.84016e-18 chain_size: 100 stagnation: 38 OFV: 143900 dt: 24942163
Iteration: 237 T_k: 1.47212e-18 chain_size: 100 stagnation: 39 OFV: 143900 dt: 24954378
Iteration: 238 T_k: 1.1777e-18 chain_size: 100 stagnation: 40 OFV: 143900 dt: 24941100
Iteration: 239 T_k: 9.4216e-19 chain_size: 100 stagnation: 41 OFV: 143900 dt: 24943025
Iteration: 240 T_k: 7.53728e-19 chain_size: 100 stagnation: 42 OFV: 143900 dt: 24932850
Iteration: 241 T_k: 6.02982e-19 chain_size: 100 stagnation: 43 OFV: 143941 dt: 24953835
Iteration: 242 T_k: 4.82386e-19 chain_size: 100 stagnation: 0 OFV: 143941 dt: 24946457
Iteration: 243 T_k: 3.85909e-19 chain_size: 100 stagnation: 1 OFV: 143941 dt: 24938970
Iteration: 244 T_k: 3.08727e-19 chain_size: 100 stagnation: 2 OFV: 143941 dt: 24942196
Iteration: 245 T_k: 2.46981e-19 chain_size: 100 stagnation: 3 OFV: 143947 dt: 24953244
Iteration: 246 T_k: 1.97585e-19 chain_size: 100 stagnation: 0 OFV: 143947 dt: 24936285
Iteration: 247 T_k: 1.58068e-19 chain_size: 100 stagnation: 1 OFV: 143947 dt: 24939092
Iteration: 248 T_k: 1.26455e-19 chain_size: 100 stagnation: 2 OFV: 143947 dt: 24956363
Iteration: 249 T_k: 1.01164e-19 chain_size: 100 stagnation: 3 OFV: 143947 dt: 24946625
Iteration: 250 T_k: 8.09309e-20 chain_size: 100 stagnation: 4 OFV: 143947 dt: 24946879
Iteration: 251 T_k: 6.47447e-20 chain_size: 100 stagnation: 5 OFV: 143947 dt: 24939868
Iteration: 252 T_k: 5.17958e-20 chain_size: 100 stagnation: 6 OFV: 143947 dt: 24939357
Iteration: 253 T_k: 4.14366e-20 chain_size: 100 stagnation: 7 OFV: 143947 dt: 24929589
Iteration: 254 T_k: 3.31493e-20 chain_size: 100 stagnation: 8 OFV: 143947 dt: 24940914
Iteration: 255 T_k: 2.65194e-20 chain_size: 100 stagnation: 9 OFV: 143947 dt: 24942793
Iteration: 256 T_k: 2.12155e-20 chain_size: 100 stagnation: 10 OFV: 143947 dt: 24942129
Iteration: 257 T_k: 1.69724e-20 chain_size: 100 stagnation: 11 OFV: 143947 dt: 24960208
Iteration: 258 T_k: 1.3578e-20 chain_size: 100 stagnation: 12 OFV: 143947 dt: 24937012
Iteration: 259 T_k: 1.08624e-20 chain_size: 100 stagnation: 13 OFV: 143947 dt: 24978903
Iteration: 260 T_k: 8.68989e-21 chain_size: 100 stagnation: 14 OFV: 143957 dt: 24942774
Iteration: 261 T_k: 6.95191e-21 chain_size: 100 stagnation: 0 OFV: 143957 dt: 24948327
Iteration: 262 T_k: 5.56153e-21 chain_size: 100 stagnation: 1 OFV: 143959 dt: 24929392
Iteration: 263 T_k: 4.44922e-21 chain_size: 100 stagnation: 0 OFV: 143987 dt: 24964441
Iteration: 264 T_k: 3.55938e-21 chain_size: 100 stagnation: 0 OFV: 143987 dt: 24942216
Iteration: 265 T_k: 2.8475e-21 chain_size: 100 stagnation: 1 OFV: 143987 dt: 24950532
Iteration: 266 T_k: 2.278e-21 chain_size: 100 stagnation: 2 OFV: 143987 dt: 24941005
Iteration: 267 T_k: 1.8224e-21 chain_size: 100 stagnation: 3 OFV: 143987 dt: 24943157
Iteration: 268 T_k: 1.45792e-21 chain_size: 100 stagnation: 4 OFV: 143987 dt: 24949712
Iteration: 269 T_k: 1.16634e-21 chain_size: 100 stagnation: 5 OFV: 143987 dt: 24940396
Iteration: 270 T_k: 9.3307e-22 chain_size: 100 stagnation: 6 OFV: 143995 dt: 24951241
Iteration: 271 T_k: 7.46456e-22 chain_size: 100 stagnation: 0 OFV: 143995 dt: 24940681
Iteration: 272 T_k: 5.97165e-22 chain_size: 100 stagnation: 1 OFV: 143995 dt: 24930839
Iteration: 273 T_k: 4.77732e-22 chain_size: 100 stagnation: 2 OFV: 144023 dt: 24943224
Iteration: 274 T_k: 3.82185e-22 chain_size: 100 stagnation: 0 OFV: 144023 dt: 24954833
Iteration: 275 T_k: 3.05748e-22 chain_size: 100 stagnation: 1 OFV: 144023 dt: 24947061
Iteration: 276 T_k: 2.44599e-22 chain_size: 100 stagnation: 2 OFV: 144023 dt: 24960038
Iteration: 277 T_k: 1.95679e-22 chain_size: 100 stagnation: 3 OFV: 144023 dt: 24942102
Iteration: 278 T_k: 1.56543e-22 chain_size: 100 stagnation: 4 OFV: 144031 dt: 24958455
Iteration: 279 T_k: 1.25234e-22 chain_size: 100 stagnation: 0 OFV: 144031 dt: 24958549
Iteration: 280 T_k: 1.00188e-22 chain_size: 100 stagnation: 1 OFV: 144031 dt: 24952723
Iteration: 281 T_k: 8.01501e-23 chain_size: 100 stagnation: 2 OFV: 144031 dt: 24959844
Iteration: 282 T_k: 6.41201e-23 chain_size: 100 stagnation: 3 OFV: 144031 dt: 24936128
Iteration: 283 T_k: 5.1296e-23 chain_size: 100 stagnation: 4 OFV: 144031 dt: 24957492
Iteration: 284 T_k: 4.10368e-23 chain_size: 100 stagnation: 5 OFV: 144031 dt: 24946665
Iteration: 285 T_k: 3.28295e-23 chain_size: 100 stagnation: 6 OFV: 144031 dt: 24942321
Iteration: 286 T_k: 2.62636e-23 chain_size: 100 stagnation: 7 OFV: 144031 dt: 24940813
Iteration: 287 T_k: 2.10109e-23 chain_size: 100 stagnation: 8 OFV: 144031 dt: 24934785
Iteration: 288 T_k: 1.68087e-23 chain_size: 100 stagnation: 9 OFV: 144031 dt: 24934443
Iteration: 289 T_k: 1.3447e-23 chain_size: 100 stagnation: 10 OFV: 144031 dt: 24937524
Iteration: 290 T_k: 1.07576e-23 chain_size: 100 stagnation: 11 OFV: 144031 dt: 24931518
Iteration: 291 T_k: 8.60605e-24 chain_size: 100 stagnation: 12 OFV: 144031 dt: 24944639
Iteration: 292 T_k: 6.88484e-24 chain_size: 100 stagnation: 13 OFV: 144031 dt: 24936754
Iteration: 293 T_k: 5.50787e-24 chain_size: 100 stagnation: 14 OFV: 144031 dt: 24945433
Iteration: 294 T_k: 4.4063e-24 chain_size: 100 stagnation: 15 OFV: 144031 dt: 24936703
Iteration: 295 T_k: 3.52504e-24 chain_size: 100 stagnation: 16 OFV: 144031 dt: 24939479
Iteration: 296 T_k: 2.82003e-24 chain_size: 100 stagnation: 17 OFV: 144031 dt: 24946909
Iteration: 297 T_k: 2.25602e-24 chain_size: 100 stagnation: 18 OFV: 144041 dt: 24934909
Iteration: 298 T_k: 1.80482e-24 chain_size: 100 stagnation: 0 OFV: 144041 dt: 24961399
Iteration: 299 T_k: 1.44386e-24 chain_size: 100 stagnation: 1 OFV: 144041 dt: 24955134
Iteration: 300 T_k: 1.15508e-24 chain_size: 100 stagnation: 2 OFV: 144041 dt: 24952845
Iteration: 301 T_k: 9.24067e-25 chain_size: 100 stagnation: 3 OFV: 144041 dt: 24948032
Iteration: 302 T_k: 7.39254e-25 chain_size: 100 stagnation: 4 OFV: 144041 dt: 24953184
Iteration: 303 T_k: 5.91403e-25 chain_size: 100 stagnation: 5 OFV: 144041 dt: 24964879
Iteration: 304 T_k: 4.73123e-25 chain_size: 100 stagnation: 6 OFV: 144041 dt: 24963099
Iteration: 305 T_k: 3.78498e-25 chain_size: 100 stagnation: 7 OFV: 144041 dt: 24995356
Iteration: 306 T_k: 3.02798e-25 chain_size: 100 stagnation: 8 OFV: 144041 dt: 24987028
Iteration: 307 T_k: 2.42239e-25 chain_size: 100 stagnation: 9 OFV: 144041 dt: 24982967
Iteration: 308 T_k: 1.93791e-25 chain_size: 100 stagnation: 10 OFV: 144041 dt: 24948615
Iteration: 309 T_k: 1.55033e-25 chain_size: 100 stagnation: 11 OFV: 144041 dt: 24967323
Iteration: 310 T_k: 1.24026e-25 chain_size: 100 stagnation: 12 OFV: 144094 dt: 24981824
Iteration: 311 T_k: 9.9221e-26 chain_size: 100 stagnation: 0 OFV: 144094 dt: 24955610
Iteration: 312 T_k: 7.93768e-26 chain_size: 100 stagnation: 1 OFV: 144094 dt: 24969396
Iteration: 313 T_k: 6.35014e-26 chain_size: 100 stagnation: 2 OFV: 144094 dt: 24958768
Iteration: 314 T_k: 5.08011e-26 chain_size: 100 stagnation: 3 OFV: 144094 dt: 24969572
Iteration: 315 T_k: 4.06409e-26 chain_size: 100 stagnation: 4 OFV: 144094 dt: 24975223
Iteration: 316 T_k: 3.25127e-26 chain_size: 100 stagnation: 5 OFV: 144094 dt: 24962971
Iteration: 317 T_k: 2.60102e-26 chain_size: 100 stagnation: 6 OFV: 144094 dt: 24948931
Iteration: 318 T_k: 2.08081e-26 chain_size: 100 stagnation: 7 OFV: 144094 dt: 24970254
Iteration: 319 T_k: 1.66465e-26 chain_size: 100 stagnation: 8 OFV: 144094 dt: 24959476
Iteration: 320 T_k: 1.33172e-26 chain_size: 100 stagnation: 9 OFV: 144094 dt: 24961257
Iteration: 321 T_k: 1.06538e-26 chain_size: 100 stagnation: 10 OFV: 144094 dt: 24964956
Iteration: 322 T_k: 8.52302e-27 chain_size: 100 stagnation: 11 OFV: 144094 dt: 24963770
Iteration: 323 T_k: 6.81841e-27 chain_size: 100 stagnation: 12 OFV: 144094 dt: 24953133
Iteration: 324 T_k: 5.45473e-27 chain_size: 100 stagnation: 13 OFV: 144094 dt: 24979766
Iteration: 325 T_k: 4.36379e-27 chain_size: 100 stagnation: 14 OFV: 144094 dt: 24968168
Iteration: 326 T_k: 3.49103e-27 chain_size: 100 stagnation: 15 OFV: 144094 dt: 24964708
Iteration: 327 T_k: 2.79282e-27 chain_size: 100 stagnation: 16 OFV: 144094 dt: 24973920
Iteration: 328 T_k: 2.23426e-27 chain_size: 100 stagnation: 17 OFV: 144108 dt: 24956133
Iteration: 329 T_k: 1.78741e-27 chain_size: 100 stagnation: 0 OFV: 144108 dt: 24962694
Iteration: 330 T_k: 1.42993e-27 chain_size: 100 stagnation: 1 OFV: 144108 dt: 24963318
Iteration: 331 T_k: 1.14394e-27 chain_size: 100 stagnation: 2 OFV: 144108 dt: 24964631
Iteration: 332 T_k: 9.15152e-28 chain_size: 100 stagnation: 3 OFV: 144108 dt: 24983094
Iteration: 333 T_k: 7.32122e-28 chain_size: 100 stagnation: 4 OFV: 144108 dt: 24971309
Iteration: 334 T_k: 5.85697e-28 chain_size: 100 stagnation: 5 OFV: 144108 dt: 24961206
Iteration: 335 T_k: 4.68558e-28 chain_size: 100 stagnation: 6 OFV: 144108 dt: 24976781
Iteration: 336 T_k: 3.74846e-28 chain_size: 100 stagnation: 7 OFV: 144108 dt: 25027770
Iteration: 337 T_k: 2.99877e-28 chain_size: 100 stagnation: 8 OFV: 144108 dt: 24957545
Iteration: 338 T_k: 2.39902e-28 chain_size: 100 stagnation: 9 OFV: 144108 dt: 24974540
Iteration: 339 T_k: 1.91921e-28 chain_size: 100 stagnation: 10 OFV: 144108 dt: 24965360
Iteration: 340 T_k: 1.53537e-28 chain_size: 100 stagnation: 11 OFV: 144108 dt: 24956955
Iteration: 341 T_k: 1.2283e-28 chain_size: 100 stagnation: 12 OFV: 144108 dt: 24975681
Iteration: 342 T_k: 9.82637e-29 chain_size: 100 stagnation: 13 OFV: 144108 dt: 24939759
Iteration: 343 T_k: 7.8611e-29 chain_size: 100 stagnation: 14 OFV: 144108 dt: 24640207
Iteration: 344 T_k: 6.28888e-29 chain_size: 100 stagnation: 15 OFV: 144108 dt: 24983801
Iteration: 345 T_k: 5.0311e-29 chain_size: 100 stagnation: 16 OFV: 144108 dt: 25226067
Iteration: 346 T_k: 4.02488e-29 chain_size: 100 stagnation: 17 OFV: 144108 dt: 26557376
Iteration: 347 T_k: 3.21991e-29 chain_size: 100 stagnation: 18 OFV: 144108 dt: 25320601
Iteration: 348 T_k: 2.57592e-29 chain_size: 100 stagnation: 19 OFV: 144108 dt: 25225504
Iteration: 349 T_k: 2.06074e-29 chain_size: 100 stagnation: 20 OFV: 144108 dt: 26348094
Iteration: 350 T_k: 1.64859e-29 chain_size: 100 stagnation: 21 OFV: 144108 dt: 25236712
Iteration: 351 T_k: 1.31887e-29 chain_size: 100 stagnation: 22 OFV: 144108 dt: 25538374
Iteration: 352 T_k: 1.0551e-29 chain_size: 100 stagnation: 23 OFV: 144178 dt: 25121915
Iteration: 353 T_k: 8.44079e-30 chain_size: 100 stagnation: 0 OFV: 144178 dt: 25307673
Iteration: 354 T_k: 6.75263e-30 chain_size: 100 stagnation: 1 OFV: 144178 dt: 25133169
Iteration: 355 T_k: 5.4021e-30 chain_size: 100 stagnation: 2 OFV: 144178 dt: 25506675
Iteration: 356 T_k: 4.32168e-30 chain_size: 100 stagnation: 3 OFV: 144178 dt: 25114473
Iteration: 357 T_k: 3.45735e-30 chain_size: 100 stagnation: 4 OFV: 144178 dt: 26381920
Iteration: 358 T_k: 2.76588e-30 chain_size: 100 stagnation: 5 OFV: 144178 dt: 25239031
Iteration: 359 T_k: 2.2127e-30 chain_size: 100 stagnation: 6 OFV: 144178 dt: 25301266
Iteration: 360 T_k: 1.77016e-30 chain_size: 100 stagnation: 7 OFV: 144178 dt: 25222214
Iteration: 361 T_k: 1.41613e-30 chain_size: 100 stagnation: 8 OFV: 144178 dt: 25300855
Iteration: 362 T_k: 1.1329e-30 chain_size: 100 stagnation: 9 OFV: 144178 dt: 25321442
Iteration: 363 T_k: 9.06323e-31 chain_size: 100 stagnation: 10 OFV: 144178 dt: 25327156
Iteration: 364 T_k: 7.25058e-31 chain_size: 100 stagnation: 11 OFV: 144178 dt: 25225516
Iteration: 365 T_k: 5.80047e-31 chain_size: 100 stagnation: 12 OFV: 144178 dt: 25193096
Iteration: 366 T_k: 4.64037e-31 chain_size: 100 stagnation: 13 OFV: 144178 dt: 25335678
Iteration: 367 T_k: 3.7123e-31 chain_size: 100 stagnation: 14 OFV: 144178 dt: 25320086
Iteration: 368 T_k: 2.96984e-31 chain_size: 100 stagnation: 15 OFV: 144178 dt: 25196249
Iteration: 369 T_k: 2.37587e-31 chain_size: 100 stagnation: 16 OFV: 144178 dt: 25218890
Iteration: 370 T_k: 1.9007e-31 chain_size: 100 stagnation: 17 OFV: 144178 dt: 25408531
Iteration: 371 T_k: 1.52056e-31 chain_size: 100 stagnation: 18 OFV: 144178 dt: 25216946
Iteration: 372 T_k: 1.21645e-31 chain_size: 100 stagnation: 19 OFV: 144178 dt: 25213279
Iteration: 373 T_k: 9.73157e-32 chain_size: 100 stagnation: 20 OFV: 144178 dt: 25207110
Iteration: 374 T_k: 7.78525e-32 chain_size: 100 stagnation: 21 OFV: 144178 dt: 25408518
Iteration: 375 T_k: 6.2282e-32 chain_size: 100 stagnation: 22 OFV: 144178 dt: 25235254
Iteration: 376 T_k: 4.98256e-32 chain_size: 100 stagnation: 23 OFV: 144178 dt: 25203734
Iteration: 377 T_k: 3.98605e-32 chain_size: 100 stagnation: 24 OFV: 144178 dt: 25221708
Iteration: 378 T_k: 3.18884e-32 chain_size: 100 stagnation: 25 OFV: 144178 dt: 25418349
Iteration: 379 T_k: 2.55107e-32 chain_size: 100 stagnation: 26 OFV: 144178 dt: 25251580
Iteration: 380 T_k: 2.04086e-32 chain_size: 100 stagnation: 27 OFV: 144178 dt: 25294944
Iteration: 381 T_k: 1.63269e-32 chain_size: 100 stagnation: 28 OFV: 144178 dt: 25125098
Iteration: 382 T_k: 1.30615e-32 chain_size: 100 stagnation: 29 OFV: 144178 dt: 25413882
Iteration: 383 T_k: 1.04492e-32 chain_size: 100 stagnation: 30 OFV: 144178 dt: 26331245
Iteration: 384 T_k: 8.35935e-33 chain_size: 100 stagnation: 31 OFV: 144178 dt: 26733619
Iteration: 385 T_k: 6.68748e-33 chain_size: 100 stagnation: 32 OFV: 144178 dt: 25239913
Iteration: 386 T_k: 5.34998e-33 chain_size: 100 stagnation: 33 OFV: 144178 dt: 25295223
Iteration: 387 T_k: 4.27999e-33 chain_size: 100 stagnation: 34 OFV: 144178 dt: 25765924
Iteration: 388 T_k: 3.42399e-33 chain_size: 100 stagnation: 35 OFV: 144178 dt: 24954774
Iteration: 389 T_k: 2.73919e-33 chain_size: 100 stagnation: 36 OFV: 144178 dt: 24968551
Iteration: 390 T_k: 2.19135e-33 chain_size: 100 stagnation: 37 OFV: 144178 dt: 24963103
Iteration: 391 T_k: 1.75308e-33 chain_size: 100 stagnation: 38 OFV: 144178 dt: 24998536
Iteration: 392 T_k: 1.40247e-33 chain_size: 100 stagnation: 39 OFV: 144178 dt: 24993098
Iteration: 393 T_k: 1.12197e-33 chain_size: 100 stagnation: 40 OFV: 144178 dt: 24949708
Iteration: 394 T_k: 8.97579e-34 chain_size: 100 stagnation: 41 OFV: 144178 dt: 24975762
Iteration: 395 T_k: 7.18063e-34 chain_size: 100 stagnation: 42 OFV: 144178 dt: 24968841
Iteration: 396 T_k: 5.7445e-34 chain_size: 100 stagnation: 43 OFV: 144178 dt: 24960203
Iteration: 397 T_k: 4.5956e-34 chain_size: 100 stagnation: 44 OFV: 144178 dt: 24955430
Iteration: 398 T_k: 3.67648e-34 chain_size: 100 stagnation: 45 OFV: 144178 dt: 24973028
Iteration: 399 T_k: 2.94119e-34 chain_size: 100 stagnation: 46 OFV: 144178 dt: 24967134
Iteration: 400 T_k: 2.35295e-34 chain_size: 100 stagnation: 47 OFV: 144178 dt: 24990665
Iteration: 401 T_k: 1.88236e-34 chain_size: 100 stagnation: 48 OFV: 144178 dt: 24964411
Iteration: 402 T_k: 1.50589e-34 chain_size: 100 stagnation: 49 OFV: 144178 dt: 24971273
Iteration: 403 T_k: 1.20471e-34 chain_size: 100 stagnation: 50 OFV: 144178 dt: 24966446
Iteration: 404 T_k: 9.63768e-35 chain_size: 100 stagnation: 51 OFV: 144178 dt: 24959123
Iteration: 405 T_k: 7.71014e-35 chain_size: 100 stagnation: 52 OFV: 144178 dt: 24955725
Iteration: 406 T_k: 6.16811e-35 chain_size: 100 stagnation: 53 OFV: 144178 dt: 24963713
Iteration: 407 T_k: 4.93449e-35 chain_size: 100 stagnation: 54 OFV: 144178 dt: 24958140
Iteration: 408 T_k: 3.94759e-35 chain_size: 100 stagnation: 55 OFV: 144178 dt: 24962168
Iteration: 409 T_k: 3.15807e-35 chain_size: 100 stagnation: 56 OFV: 144178 dt: 24943991
Iteration: 410 T_k: 2.52646e-35 chain_size: 100 stagnation: 57 OFV: 144178 dt: 24967618
Iteration: 411 T_k: 2.02117e-35 chain_size: 100 stagnation: 58 OFV: 144178 dt: 24976278
Iteration: 412 T_k: 1.61693e-35 chain_size: 100 stagnation: 59 OFV: 144178 dt: 24972599
Iteration: 413 T_k: 1.29355e-35 chain_size: 100 stagnation: 60 OFV: 144178 dt: 25634804
Iteration: 414 T_k: 1.03484e-35 chain_size: 100 stagnation: 61 OFV: 144178 dt: 24969386
Iteration: 415 T_k: 8.2787e-36 chain_size: 100 stagnation: 62 OFV: 144178 dt: 24958060
Iteration: 416 T_k: 6.62296e-36 chain_size: 100 stagnation: 63 OFV: 144178 dt: 24963698
Iteration: 417 T_k: 5.29837e-36 chain_size: 100 stagnation: 64 OFV: 144178 dt: 24950179
Iteration: 418 T_k: 4.23869e-36 chain_size: 100 stagnation: 65 OFV: 144178 dt: 24973329
Iteration: 419 T_k: 3.39096e-36 chain_size: 100 stagnation: 66 OFV: 144178 dt: 25225118
Iteration: 420 T_k: 2.71276e-36 chain_size: 100 stagnation: 67 OFV: 144178 dt: 25848194
Iteration: 421 T_k: 2.17021e-36 chain_size: 100 stagnation: 68 OFV: 144178 dt: 25764111
Iteration: 422 T_k: 1.73617e-36 chain_size: 100 stagnation: 69 OFV: 144178 dt: 25905349
Iteration: 423 T_k: 1.38894e-36 chain_size: 100 stagnation: 70 OFV: 144178 dt: 24982028
Iteration: 424 T_k: 1.11115e-36 chain_size: 100 stagnation: 71 OFV: 144178 dt: 24974512
Iteration: 425 T_k: 8.88919e-37 chain_size: 100 stagnation: 72 OFV: 144178 dt: 24976067
Iteration: 426 T_k: 7.11135e-37 chain_size: 100 stagnation: 73 OFV: 144178 dt: 24958782
Iteration: 427 T_k: 5.68908e-37 chain_size: 100 stagnation: 74 OFV: 144178 dt: 24971825
Iteration: 428 T_k: 4.55126e-37 chain_size: 100 stagnation: 75 OFV: 144178 dt: 24971802
Iteration: 429 T_k: 3.64101e-37 chain_size: 100 stagnation: 76 OFV: 144178 dt: 24974408
Iteration: 430 T_k: 2.91281e-37 chain_size: 100 stagnation: 77 OFV: 144178 dt: 24953683
Iteration: 431 T_k: 2.33025e-37 chain_size: 100 stagnation: 78 OFV: 144178 dt: 24942603
Iteration: 432 T_k: 1.8642e-37 chain_size: 100 stagnation: 79 OFV: 144178 dt: 24954228
Iteration: 433 T_k: 1.49136e-37 chain_size: 100 stagnation: 80 OFV: 144178 dt: 24969382
Iteration: 434 T_k: 1.19309e-37 chain_size: 100 stagnation: 81 OFV: 144178 dt: 24940745
Iteration: 435 T_k: 9.54469e-38 chain_size: 100 stagnation: 82 OFV: 144178 dt: 24939986
Iteration: 436 T_k: 7.63575e-38 chain_size: 100 stagnation: 83 OFV: 144178 dt: 24949671
Iteration: 437 T_k: 6.1086e-38 chain_size: 100 stagnation: 84 OFV: 144178 dt: 24956161
Iteration: 438 T_k: 4.88688e-38 chain_size: 100 stagnation: 85 OFV: 144178 dt: 24938430
Iteration: 439 T_k: 3.90951e-38 chain_size: 100 stagnation: 86 OFV: 144178 dt: 24969058
Iteration: 440 T_k: 3.1276e-38 chain_size: 100 stagnation: 87 OFV: 144178 dt: 24967925
Iteration: 441 T_k: 2.50208e-38 chain_size: 100 stagnation: 88 OFV: 144178 dt: 24954392
Iteration: 442 T_k: 2.00167e-38 chain_size: 100 stagnation: 89 OFV: 144178 dt: 24962057
Iteration: 443 T_k: 1.60133e-38 chain_size: 100 stagnation: 90 OFV: 144178 dt: 24952075
Iteration: 444 T_k: 1.28107e-38 chain_size: 100 stagnation: 91 OFV: 144178 dt: 24953781
Iteration: 445 T_k: 1.02485e-38 chain_size: 100 stagnation: 92 OFV: 144178 dt: 24978535
Iteration: 446 T_k: 8.19883e-39 chain_size: 100 stagnation: 93 OFV: 144178 dt: 24966210
Iteration: 447 T_k: 6.55906e-39 chain_size: 100 stagnation: 94 OFV: 144178 dt: 24982785
Iteration: 448 T_k: 5.24725e-39 chain_size: 100 stagnation: 95 OFV: 144178 dt: 24982233
Iteration: 449 T_k: 4.1978e-39 chain_size: 100 stagnation: 96 OFV: 144178 dt: 24963063
Iteration: 450 T_k: 3.35824e-39 chain_size: 100 stagnation: 97 OFV: 144178 dt: 24972562
Iteration: 451 T_k: 2.68659e-39 chain_size: 100 stagnation: 98 OFV: 144178 dt: 24984178
Iteration: 452 T_k: 2.14927e-39 chain_size: 100 stagnation: 99 OFV: 144178 dt: 24961392
Stagnation Stop. Solution reached for 100 iterations.
Simulated Annealing Algorithm Execution took 11359535574 nanoseconds

Final solution:
Permutation: 32 2 44 60 25 14 83 33 34 24 78 36 22 82 20 8 13 1 9 37 74 90 6 53 51 85 98 47 40 95 81 86 59 27 62 48 30 80 84 41 7 72 57 66 75 46 55 28 91 93 49 63 69 76 16 97 89 38 61 31 50 52 10 26 94 88 12 45 77 42 92 23 71 18 87 11 21 58 70 43 29 19 15 67 64 79 96 65 0 56 3 54 73 39 35 5 99 68 17 4 
Matrix: 
0 93 16 0 0 0 3 0 26 43 2 64 22 0 44 50 0 31 65 53 78 24 80 46 0 83 5 61 0 44 24 65 0 15 0 20 77 0 0 33 6 83 18 28 58 16 82 94 0 0 52 0 6 0 0 57 61 33 37 92 0 0 41 38 54 88 0 18 3 1 77 13 31 57 52 2 8 0 9 48 70 0 39 12 0 89 37 77 0 6 63 0 0 89 0 0 49 0 0 0 
0 0 15 9 67 0 0 29 77 0 28 0 73 36 51 24 47 57 33 47 36 40 57 15 53 50 41 8 9 0 0 0 0 0 0 33 70 0 11 75 0 1 61 0 31 19 0 23 22 0 0 0 84 0 0 7 46 9 27 0 64 5 0 0 77 97 61 12 0 76 65 70 0 0 20 0 49 15 0 4 0 0 0 5 0 0 79 0 0 0 53 29 95 69 35 0 85 0 48 45 
0 0 0 9 61 66 0 0 0 41 28 90 0 0 64 0 63 55 0 0 29 29 72 19 0 21 0 0 65 65 45 99 0 0 0 47 0 86 0 0 0 0 0 35 80 20 37 54 50 30 0 24 0 18 0 76 6 73 0 62 0 26 65 0 67 42 76 21 8 27 37 87 0 64 0 0 19 84 0 0 0 0 72 0 0 0 75 29 0 0 79 67 93 0 13 51 30 32 21 0 
0 0 0 0 38 18 0 0 79 60 0 49 42 0 21 28 0 0 19 0 30 10 0 33 6 34 39 6 52 74 0 33 37 48 4 76 21 61 0 55 65 0 79 18 0 63 35 70 61 32 44 56 62 0 52 92 0 86 0 52 20 57 47 39 22 63 29 34 93 10 0 45 73 52 84 55 12 44 0 11 98 0 0 24 0 0 16 33 0 25 0 0 69 0 0 55 0 88 21 17 
8 0 0 0 0 36 22 29 57 0 42 82 0 49 73 62 90 34 94 7 0 91 55 41 36 37 14 10 0 3 43 7 0 0 61 71 75 15 0 36 40 86 0 0 17 85 29 0 87 0 0 69 12 39 0 18 0 6 0 3 69 40 0 14 46 48 20 80 29 34 24 20 0 54 73 83 29 54 15 25 35 48 0 10 0 89 65 28 68 45 0 16 65 0 36 58 15 59 30 49 
47 23 0 0 0 0 64 0 0 0 47 0 25 24 0 0 0 78 0 0 93 94 49 59 0 0 0 23 0 37 89 0 69 38 47 3 0 17 52 56 30 0 92 0 99 53 73 0 0 0 70 54 60 57 0 88 33 51 0 13 0 27 40 80 0 41 20 42 12 79 20 0 38 0 0 0 51 0 0 40 54 0 0 6 0 40 0 0 55 53 63 53 57 2 0 36 53 32 0 80 
0 73 17 40 0 0 0 85 0 44 14 78 1 31 14 0 43 0 0 20 0 61 0 77 3 83 63 67 40 0 19 17 0 13 30 13 0 79 26 0 85 0 24 81 0 0 83 0 0 49 0 0 33 46 65 0 35 20 51 8 48 0 0 30 0 21 55 72 37 0 77 0 0 42 0 33 0 0 0 58 40 47 39 20 98 20 0 65 0 0 1 34 0 67 72 0 23 0 29 0 
28 0 13 44 0 29 0 0 65 0 27 72 0 61 37 77 0 0 48 38 54 87 69 7 12 0 17 26 9 22 7 0 2 0 0 43 47 56 6 16 48 0 22 6 24 0 9 26 0 0 0 0 57 0 31 60 41 19 5 0 14 0 60 44 0 12 0 54 0 87 0 14 10 0 8 4 1 69 9 59 23 56 25 0 0 0 0 0 15 45 0 58 30 0 82 19 0 49 63 18 
0 0 0 0 0 0 28 0 0 54 76 31 54 38 0 0 99 86 0 0 0 0 45 48 56 5 71 28 0 0 34 37 0 0 0 44 0 39 54 0 92 17 0 0 16 0 34 0 0 0 0 33 0 20 31 56 0 0 0 8 97 32 0 59 30 44 49 5 0 0 57 85 7 0 0 0 25 71 0 17 70 55 16 74 45 88 70 18 13 73 6 0 79 27 33 82 0 0 87 67 
0 38 0 0 0 4 0 6 0 0 69 51 0 43 0 42 34 11 41 0 0 74 64 13 0 0 39 59 0 33 0 56 19 79 68 0 71 18 31 37 30 12 25 0 27 4 0 87 0 3 16 0 0 0 23 0 0 68 32 35 0 8 84 97 0 0 23 0 42 28 62 17 0 78 76 0 60 21 14 12 75 66 80 0 82 0 49 0 67 22 49 0 14 21 50 77 0 75 0 0 
0 0 0 23 0 0 0 0 0 0 0 3 31 61 10 33 76 79 32 56 76 0 27 0 4 79 0 20 0 0 0 2 76 0 5 14 0 17 56 63 51 9 0 80 0 46 46 47 32 37 0 34 95 49 35 0 37 80 91 0 38 16 0 90 13 0 85 79 16 18 11 61 23 0 0 16 45 3 35 61 43 0 2 76 0 35 63 64 85 62 92 0 49 0 33 0 17 32 32 21 
0 14 0 0 0 33 0 0 0 0 0 0 51 28 83 64 25 0 0 88 0 41 1 55 0 0 0 82 0 0 62 0 0 60 1 0 33 0 5 23 38 0 8 9 69 82 0 0 12 27 23 11 22 0 29 33 51 79 77 0 0 74 60 55 0 66 8 0 32 0 75 30 7 0 55 18 32 0 67 47 23 47 75 70 28 0 91 0 21 0 70 0 1 0 31 13 68 16 25 23 
0 0 14 0 16 0 0 7 0 0 0 0 0 61 31 19 44 0 0 0 56 21 0 49 39 0 0 52 0 10 60 55 0 24 0 38 0 49 0 60 96 0 0 46 0 0 35 46 40 52 3 12 0 0 97 0 17 46 35 50 19 15 0 0 43 47 10 0 40 0 75 71 16 9 2 42 58 36 0 40 51 0 0 32 57 87 12 8 85 14 67 31 59 48 17 32 0 0 0 0 
0 0 17 13 0 0 0 0 0 0 0 0 0 0 42 0 70 37 37 23 0 33 8 8 54 40 0 68 33 65 33 24 72 0 0 25 0 0 46 0 0 15 24 45 86 60 61 7 0 0 47 76 98 1 0 44 17 0 0 64 87 39 0 0 35 79 55 46 0 0 90 49 11 67 0 77 32 0 57 0 28 0 42 82 69 15 43 16 0 0 43 68 15 0 0 0 88 86 35 13 
0 0 0 0 0 0 0 0 8 24 0 0 0 0 0 28 57 10 41 0 47 23 49 0 44 0 0 58 87 39 11 79 23 40 0 50 9 26 55 19 5 26 34 0 6 0 79 90 52 0 0 40 76 0 25 33 63 41 27 89 18 43 49 0 67 0 11 0 55 41 0 0 0 0 0 71 0 0 35 64 44 0 7 0 24 0 53 54 35 66 15 20 10 31 0 0 35 0 35 33 
0 0 21 0 0 0 6 0 4 0 0 0 0 29 0 0 65 0 0 40 8 7 72 16 43 0 0 77 0 0 17 21 26 0 93 58 16 61 80 0 0 0 1 24 60 0 57 28 65 47 0 90 28 33 0 8 63 0 0 32 6 0 77 0 5 44 0 0 60 12 0 91 34 22 92 94 0 0 19 8 7 30 55 46 59 0 58 17 0 24 66 8 19 0 62 0 37 28 38 0 
5 0 0 11 0 15 0 26 0 0 0 0 0 0 0 0 0 20 28 0 45 88 11 42 1 36 36 64 50 40 96 0 25 18 54 24 0 8 0 0 49 12 18 76 0 95 11 0 60 0 0 77 44 0 0 0 0 43 0 73 0 0 33 84 57 0 59 0 0 34 18 27 0 55 62 28 55 7 50 90 72 0 86 6 18 58 0 0 0 90 0 0 75 22 0 0 0 48 68 48 
0 0 0 28 0 0 20 7 0 0 0 16 31 0 0 0 0 0 61 32 0 2 51 86 8 10 0 51 0 47 18 91 0 49 77 43 0 20 0 7 45 61 11 0 56 86 63 38 0 70 0 37 5 30 0 0 0 65 39 15 78 0 0 0 53 38 23 0 17 0 0 0 0 0 0 0 37 0 40 0 55 86 0 0 0 0 80 61 61 41 4 0 29 69 68 0 0 0 46 0 
0 0 12 0 0 13 6 0 32 0 0 0 13 0 0 15 0 0 0 35 32 34 25 24 76 32 56 65 0 0 60 53 32 0 49 0 0 50 0 0 70 0 4 68 5 57 0 50 11 0 63 1 21 45 0 72 87 0 49 63 13 0 8 5 0 0 3 17 0 0 13 0 0 45 4 38 61 0 18 30 0 77 32 0 31 3 70 76 0 0 10 33 0 88 17 0 0 0 0 0 
0 0 0 31 0 0 0 0 10 28 0 0 13 0 38 0 0 0 0 0 14 96 0 78 56 51 0 0 43 0 0 20 53 37 53 54 29 33 33 0 53 5 90 0 63 0 0 19 0 3 2 0 40 96 0 0 0 0 72 64 36 0 56 46 0 73 52 56 35 0 82 0 0 19 31 64 0 0 0 30 29 79 93 74 78 7 56 19 0 15 36 18 0 3 0 0 0 19 58 0 
0 0 0 0 0 0 25 0 32 0 0 30 0 16 0 0 0 18 0 0 0 14 0 13 49 19 10 15 18 0 70 0 79 10 0 71 0 55 0 0 37 11 0 85 0 0 0 21 61 11 52 22 10 0 0 79 53 0 0 46 0 0 6 64 62 0 67 62 0 5 14 20 0 51 0 8 95 0 27 0 0 35 10 0 41 53 63 0 62 2 66 15 72 19 0 0 57 41 91 63 
0 0 0 0 0 0 0 0 5 0 6 0 0 0 0 0 0 0 0 0 0 0 61 0 77 39 90 84 94 63 44 0 49 73 0 15 0 99 85 20 33 3 0 88 0 35 0 49 0 59 37 59 0 49 41 0 0 10 63 45 74 22 56 14 11 0 8 16 81 50 0 0 16 70 0 28 0 42 0 0 42 0 0 0 0 0 0 0 74 98 0 74 33 40 89 44 37 13 0 0 
0 0 0 7 0 0 17 0 0 0 0 0 30 0 0 0 0 0 0 18 25 0 0 55 0 43 23 47 47 17 64 0 4 0 34 51 38 52 20 90 7 59 0 0 80 55 33 0 0 0 0 59 8 80 0 0 0 20 37 0 13 58 0 0 0 51 0 50 4 0 0 0 7 0 71 49 77 0 37 0 95 58 71 28 63 59 21 79 14 11 46 65 25 37 0 0 0 42 0 0 
0 0 0 0 0 0 0 0 0 0 16 0 0 0 21 0 0 0 0 0 0 13 0 0 51 0 99 29 93 41 81 82 0 24 11 0 21 0 53 49 0 71 8 84 0 0 29 0 0 39 0 40 0 65 40 15 0 0 0 0 0 58 9 0 0 0 72 17 67 0 45 0 5 27 0 0 89 48 15 73 0 72 72 69 29 21 70 45 0 30 76 68 43 82 9 93 39 31 64 65 
27 0 26 0 0 0 0 0 0 2 0 8 0 0 0 0 0 0 0 0 0 0 23 0 0 0 15 32 25 17 0 0 28 6 30 0 0 0 55 57 0 39 62 88 61 0 49 0 0 0 52 55 37 0 40 0 5 0 1 17 56 0 27 0 0 55 33 0 49 45 0 62 0 0 35 17 50 77 80 4 40 0 93 65 0 69 0 0 0 32 92 0 0 74 86 0 50 75 0 77 
0 0 0 0 0 0 0 11 0 1 0 13 16 0 5 32 0 0 0 0 0 0 0 1 4 0 0 23 52 0 88 67 78 81 0 0 0 0 70 0 32 72 7 22 51 0 0 10 0 23 76 0 66 0 83 31 11 56 34 0 0 31 42 38 66 0 58 0 28 0 0 0 67 28 80 71 11 0 23 19 0 0 8 67 1 4 8 51 0 72 0 92 15 23 9 49 2 21 25 0 
0 0 12 0 0 25 0 0 0 0 0 24 10 4 1 11 0 10 0 9 0 0 0 0 0 0 0 15 0 54 29 39 84 48 17 0 0 6 22 61 66 0 48 51 12 31 0 75 88 37 0 24 83 61 33 0 0 68 0 0 32 0 0 5 64 89 0 19 0 2 28 97 0 0 13 72 0 70 0 0 0 40 83 6 32 20 0 3 88 0 18 76 86 89 39 0 0 28 36 15 
0 0 37 0 0 0 0 0 0 0 0 0 0 0 0 0 0 0 0 0 0 0 0 0 0 0 0 0 18 22 68 52 0 40 0 21 32 54 89 0 81 0 26 74 0 18 28 57 0 0 0 0 67 61 54 0 71 2 0 0 0 0 0 77 55 5 46 36 54 0 52 0 48 25 16 0 14 21 10 0 0 43 0 0 0 0 37 65 0 0 68 45 63 39 60 65 19 0 0 74 
8 0 0 0 32 0 0 0 21 10 29 39 0 0 0 0 0 25 0 0 0 0 0 0 0 0 0 0 0 8 39 66 29 76 0 0 0 15 24 69 20 0 71 0 16 0 77 0 45 62 37 0 24 0 23 83 56 48 0 30 75 0 42 67 4 83 20 28 43 0 0 84 42 71 13 60 16 0 15 0 0 0 68 52 6 6 87 0 1 46 1 0 49 5 21 0 0 13 0 37 
0 0 0 0 0 0 4 0 8 0 0 33 0 0 0 0 0 0 3 0 28 0 0 0 0 0 0 0 0 0 59 26 0 50 0 10 13 58 58 0 5 24 43 0 0 56 0 0 0 60 63 7 90 30 1 30 55 71 46 47 7 7 48 72 85 0 31 0 46 49 0 0 0 0 0 34 0 0 85 0 47 0 10 0 39 38 61 55 0 35 51 6 33 32 20 27 0 9 0 0 
0 13 0 15 0 0 0 0 0 35 0 0 0 0 0 0 0 0 0 4 0 0 0 0 7 0 0 0 0 0 0 7 35 34 64 15 0 0 45 20 28 78 87 33 14 12 18 0 84 51 54 0 41 0 33 0 30 80 0 3 85 73 72 0 37 5 58 0 25 22 0 0 0 0 0 72 68 17 55 0 0 0 0 5 50 39 54 0 20 48 63 0 0 17 73 74 0 48 0 16 
0 33 0 0 0 5 0 0 0 0 0 0 0 0 0 0 18 0 0 0 11 11 10 0 24 0 0 0 0 0 0 0 27 76 20 0 35 23 7 72 52 46 1 53 92 11 4 0 0 58 54 1 56 55 0 60 85 0 50 36 0 2 1 0 81 35 10 0 0 0 78 47 91 0 0 0 79 96 70 0 20 0 49 92 90 35 53 59 0 40 0 0 0 0 67 61 1 72 84 50 
36 7 32 0 14 0 19 0 25 0 0 5 9 0 0 0 0 26 0 0 0 0 0 16 0 0 0 15 0 17 0 0 0 0 36 11 0 0 24 0 93 30 34 88 63 88 59 0 34 53 69 0 0 72 84 0 45 36 29 0 0 59 0 51 0 70 3 13 0 0 0 71 0 23 0 0 0 0 88 34 28 37 80 0 46 8 44 0 0 0 25 19 62 41 0 0 0 20 96 15 
0 8 30 0 0 0 0 32 7 0 6 0 0 2 0 23 0 0 2 0 0 0 28 0 0 0 0 0 0 0 0 0 0 0 29 16 17 0 21 43 29 0 56 25 0 0 12 89 46 3 32 1 43 0 0 2 33 77 21 16 0 94 41 59 0 0 48 0 23 47 0 0 3 48 38 0 0 80 28 46 23 0 0 77 97 34 18 1 75 71 21 69 92 52 0 0 0 34 67 0 
5 28 9 0 0 0 0 17 19 0 0 0 0 23 5 0 0 0 0 0 14 6 0 0 0 10 0 1 0 8 0 0 0 0 0 60 0 8 43 58 72 0 85 46 0 39 0 55 2 0 18 8 0 0 12 69 19 56 66 0 0 0 8 85 0 0 45 35 0 38 53 51 8 69 68 38 19 82 70 11 15 0 8 0 45 1 6 0 9 70 54 0 0 17 22 21 4 0 42 0 
0 0 0 0 0 0 0 0 0 17 0 0 0 0 0 0 0 0 29 0 0 0 0 0 1 12 8 0 0 0 0 3 0 0 0 0 8 29 87 24 57 27 1 32 42 22 0 0 54 28 89 0 0 0 58 0 0 31 0 0 79 0 62 46 52 0 17 0 49 42 64 0 52 86 15 0 0 44 0 0 27 56 19 33 0 41 0 72 30 0 0 47 9 28 52 0 25 74 0 20 
0 0 13 0 0 21 29 0 17 0 36 0 31 42 0 0 75 5 2 0 21 61 0 0 29 2 73 0 69 0 0 0 27 0 14 0 0 49 15 50 0 41 12 22 83 0 22 0 39 16 50 24 29 50 81 18 0 0 0 0 66 0 12 0 33 53 75 0 58 9 53 63 0 0 0 16 67 38 68 68 93 26 12 62 0 77 52 25 0 0 61 0 12 0 30 19 81 0 25 0 
0 38 0 0 0 0 0 0 0 0 0 19 0 0 0 0 0 0 0 0 0 0 0 1 4 0 0 0 0 0 4 0 17 36 0 0 0 0 17 0 17 0 36 0 29 8 28 39 0 0 0 7 18 0 52 0 0 26 71 32 0 81 0 53 29 0 15 23 76 0 66 90 0 95 0 0 0 20 67 96 0 0 23 6 34 0 22 0 0 62 41 7 12 12 0 66 0 12 0 37 
30 0 0 29 2 0 0 0 0 0 0 0 7 0 0 0 35 2 7 0 30 0 0 0 0 0 0 0 0 0 0 0 0 0 0 0 0 0 0 8 17 28 9 21 0 0 32 0 13 72 0 0 49 68 49 29 18 36 0 41 0 52 5 56 0 44 51 0 0 0 0 0 33 57 9 83 16 0 0 38 51 0 39 73 52 85 56 76 0 78 0 77 0 81 34 20 0 24 0 42 
0 0 0 0 0 0 15 0 22 0 0 0 0 0 0 6 1 0 4 4 12 0 0 0 0 9 0 32 0 30 0 0 13 0 0 0 0 0 0 0 0 63 18 2 22 69 39 62 99 83 30 53 87 0 5 53 64 0 36 25 49 97 0 90 31 11 0 29 44 3 8 82 0 70 19 0 14 91 0 77 0 0 43 49 55 33 87 0 0 15 55 0 57 16 37 44 7 0 0 40 
0 37 5 0 0 0 0 0 0 0 0 0 0 7 0 9 0 0 0 0 0 0 0 27 0 0 0 0 0 0 0 0 0 0 0 0 36 0 0 0 0 95 56 35 84 0 1 0 12 17 77 19 0 0 8 55 0 29 44 67 80 26 79 74 24 30 9 8 49 70 1 25 0 0 15 0 47 6 41 58 24 76 82 8 62 0 0 0 60 27 0 0 40 0 63 0 20 64 0 62 
0 0 28 27 0 4 20 0 0 0 0 19 0 0 0 22 0 0 0 0 0 0 0 0 0 0 8 17 0 0 0 0 0 14 13 0 0 9 0 0 0 0 50 0 0 14 0 0 82 92 3 5 3 56 0 0 84 0 0 67 49 7 0 12 0 83 52 5 48 80 0 4 21 36 2 0 92 98 41 0 19 18 21 0 0 0 77 81 35 34 0 0 37 10 0 0 22 0 87 67 
0 0 27 0 29 0 0 0 13 0 14 0 15 0 0 0 0 0 0 0 18 23 13 0 0 0 0 0 0 0 0 0 0 0 0 0 0 0 0 0 0 0 0 66 24 34 11 0 0 38 43 66 77 31 0 68 0 0 94 3 15 50 59 19 35 59 0 0 0 76 0 0 49 21 0 0 7 76 21 0 57 0 0 44 0 50 6 0 53 0 0 61 98 20 0 39 45 29 0 16 
0 0 0 0 0 0 0 0 0 28 0 0 0 0 24 0 0 25 0 29 0 0 20 0 0 0 0 0 21 2 0 0 0 0 0 0 0 58 0 0 0 0 0 0 36 0 13 67 2 32 32 0 88 0 8 0 73 23 0 29 30 67 38 0 47 0 38 30 21 0 89 75 0 0 54 68 0 0 0 0 0 69 91 49 84 0 46 0 0 0 53 0 0 90 36 0 6 31 0 40 
0 0 0 18 0 0 14 0 0 0 9 0 34 0 0 0 2 0 0 0 10 0 0 8 0 0 0 15 0 33 0 0 0 0 25 0 0 0 6 0 0 64 0 0 0 52 62 88 0 43 76 26 48 94 8 0 29 17 7 28 60 0 22 80 50 0 0 9 58 59 13 67 0 89 0 20 0 0 43 0 71 40 0 55 19 40 45 47 57 0 0 0 55 19 87 32 0 0 10 0 
0 0 0 0 0 0 19 17 12 0 0 0 0 0 2 35 0 0 0 0 0 0 0 0 24 8 0 0 10 0 0 0 0 21 0 0 16 0 48 0 31 0 0 0 0 0 2 19 0 38 0 5 5 29 22 21 41 0 0 90 10 83 29 68 0 27 51 0 19 65 50 37 5 79 0 14 13 93 11 30 89 1 94 55 0 85 60 50 87 83 0 0 0 48 0 0 49 50 0 13 
0 23 0 0 0 0 0 0 0 26 0 36 0 0 0 0 0 0 21 23 30 3 0 0 0 24 31 0 0 8 0 0 0 0 4 38 0 0 0 0 0 27 0 0 0 0 0 63 5 82 0 67 0 0 61 79 7 65 66 87 57 21 0 54 13 0 50 11 0 36 43 40 0 0 67 41 0 0 0 30 38 42 36 8 79 0 0 31 0 16 51 0 0 74 0 25 0 0 32 32 
0 0 0 0 33 26 7 0 7 0 0 5 0 0 0 0 1 0 0 0 0 0 10 31 2 0 0 0 36 1 4 0 0 0 0 18 7 0 30 0 12 0 0 0 0 0 0 0 15 51 32 0 68 0 0 59 95 36 0 28 6 0 16 0 0 50 57 80 13 38 0 0 4 74 16 82 69 45 5 62 0 99 64 0 81 43 0 35 0 0 9 0 0 0 71 0 33 18 0 26 
1 0 0 0 0 0 34 12 19 7 0 0 0 7 0 0 0 34 0 1 0 1 30 18 22 33 0 32 0 9 0 25 0 0 0 0 0 35 0 0 0 0 21 0 17 0 0 0 0 11 38 25 55 0 11 20 77 71 22 14 61 60 59 46 0 0 0 0 12 40 0 16 65 0 0 13 0 40 0 0 39 49 76 3 0 5 0 0 28 87 88 22 0 4 0 0 46 58 70 75 
6 1 0 0 15 24 0 22 8 0 0 0 0 0 26 0 13 0 33 0 0 0 9 0 0 0 0 2 0 0 0 0 0 0 3 0 0 2 0 0 0 0 0 0 0 0 0 0 0 0 15 10 0 5 62 0 0 23 46 62 0 0 0 0 78 0 0 0 45 0 73 77 0 75 53 0 28 54 0 6 0 1 0 0 0 68 9 0 37 34 0 41 17 78 29 58 71 81 0 38 
0 1 29 0 21 0 0 37 19 0 26 0 0 0 1 10 17 6 0 0 0 0 15 31 0 0 1 39 0 0 0 0 0 0 0 0 0 52 27 0 0 0 0 0 0 0 6 0 0 0 0 59 12 52 0 0 0 68 0 59 56 56 58 64 0 17 80 37 0 0 0 88 52 0 0 0 60 0 46 96 34 28 34 14 0 45 0 0 80 89 0 21 92 97 69 35 83 13 19 14 
11 10 0 0 0 0 14 14 0 0 0 0 0 0 0 0 0 0 0 37 0 0 0 0 0 33 0 30 19 0 7 0 24 0 0 31 0 0 0 0 0 0 0 1 0 0 0 6 0 0 0 0 14 56 29 46 0 19 0 32 6 56 54 0 79 5 0 0 65 47 71 49 47 19 0 31 54 6 44 58 67 88 0 28 29 27 38 67 72 54 0 0 50 0 58 54 37 15 0 0 
0 0 20 0 0 0 0 0 21 25 0 0 2 0 0 0 0 0 0 0 0 3 0 2 0 0 0 0 0 0 0 0 1 0 23 13 0 0 0 0 12 0 0 0 0 0 0 0 0 0 0 0 0 61 0 31 0 59 76 29 78 62 87 31 72 50 0 72 44 32 0 97 69 0 84 18 37 44 83 98 0 0 40 60 10 0 65 0 0 74 58 5 6 0 40 16 65 0 85 0 
0 7 0 10 0 0 0 11 0 12 0 10 5 0 34 0 0 0 0 0 22 0 0 0 0 5 0 0 26 0 17 0 0 11 9 18 0 0 0 0 12 0 0 17 0 0 12 22 10 0 0 0 0 0 61 0 34 50 34 12 21 28 51 92 5 41 0 58 0 1 52 0 54 0 0 84 0 43 41 60 0 21 27 23 0 0 0 0 8 35 33 14 42 0 7 39 64 56 68 31 
0 5 12 0 11 21 0 0 0 0 0 0 0 8 0 11 0 12 20 29 11 0 0 0 0 0 0 0 0 0 0 23 0 9 0 0 0 0 0 0 0 7 21 0 0 0 0 5 0 0 27 0 33 0 0 3 22 0 40 97 10 0 0 39 17 29 51 0 6 0 48 35 10 32 91 56 59 60 36 27 9 48 0 83 38 0 11 12 0 0 71 0 35 31 56 10 60 0 18 96 
0 0 0 0 0 0 25 0 0 21 0 0 37 0 0 0 0 32 0 32 0 28 15 0 13 0 26 14 0 0 13 0 19 0 0 39 0 0 0 0 0 29 0 7 8 0 0 0 0 48 30 0 0 17 0 0 67 41 18 15 0 0 51 37 0 0 16 83 24 87 54 74 0 0 0 41 0 0 0 21 0 0 64 33 25 68 0 35 30 61 49 0 70 29 2 0 0 78 6 19 
0 0 0 18 17 0 0 0 0 25 0 0 0 0 0 0 20 38 0 11 0 38 9 0 0 0 0 0 0 0 0 0 0 0 0 8 0 0 0 0 20 0 0 0 0 0 0 0 0 12 20 0 18 0 0 0 0 82 72 47 45 94 0 0 31 7 40 55 0 39 70 29 49 0 43 20 22 0 91 0 1 30 0 34 70 51 32 51 32 44 70 51 75 53 7 0 34 15 0 34 
0 0 0 0 0 0 0 0 13 0 0 0 0 0 0 17 0 0 38 21 0 0 0 4 31 0 0 0 0 0 0 8 0 0 0 0 4 0 0 22 0 36 29 0 0 18 0 0 0 0 0 0 0 0 15 0 0 0 55 33 13 36 0 0 76 0 52 0 99 0 0 0 49 57 0 47 39 0 0 0 61 2 9 17 30 32 3 90 68 0 0 22 52 0 27 0 0 20 42 49 
0 0 6 1 3 34 0 0 10 0 0 0 0 9 0 6 0 0 0 0 13 0 0 11 0 0 0 18 21 0 8 0 0 0 0 11 30 0 15 0 0 4 0 22 0 0 0 0 0 0 6 33 0 0 0 0 0 0 0 11 39 0 67 3 20 49 0 0 0 0 24 58 55 63 19 85 86 0 0 38 24 0 61 28 0 17 87 21 0 33 0 0 99 0 4 14 0 59 34 46 
0 0 0 0 0 0 0 14 0 0 8 17 0 0 0 0 0 0 0 0 0 0 17 32 0 25 0 3 0 0 0 0 16 0 13 2 13 0 0 0 0 0 0 0 0 0 0 0 0 0 0 0 0 0 0 0 0 0 0 0 15 0 0 3 83 16 77 21 84 8 18 19 35 0 50 60 0 39 0 0 60 0 11 0 27 0 0 0 17 71 32 0 25 53 43 30 7 41 0 60 
2 0 22 0 0 29 0 0 0 37 0 16 0 0 0 0 0 0 0 0 4 0 0 31 0 0 0 31 0 0 0 0 9 30 0 0 0 20 1 0 0 0 0 0 0 0 0 0 0 0 0 0 0 0 0 23 0 0 0 0 0 66 3 17 70 19 32 10 0 0 0 56 45 63 67 0 94 8 68 0 0 11 54 0 11 19 61 0 38 3 34 16 38 0 39 44 89 57 37 1 
17 0 0 0 0 0 35 24 0 0 0 0 0 0 0 24 15 10 38 5 25 0 0 0 0 0 32 0 8 0 0 0 0 0 14 14 12 0 0 0 0 0 0 0 13 0 0 27 0 0 0 0 0 0 24 7 0 0 9 10 0 0 39 68 21 40 27 61 0 0 17 43 0 0 19 62 5 0 92 0 47 0 70 33 18 0 0 78 31 0 42 47 35 0 0 0 25 37 79 62 
0 14 0 0 19 0 23 0 11 0 37 0 9 2 0 0 0 23 0 0 0 0 22 0 0 0 28 0 0 0 0 0 6 0 0 0 0 21 0 3 0 15 0 0 0 0 26 0 0 26 0 0 0 0 0 0 11 10 0 8 0 0 0 75 30 12 72 20 0 52 0 20 79 90 0 22 0 11 88 1 7 58 61 10 5 45 57 77 0 0 33 0 19 4 85 41 59 78 49 0 
0 24 30 0 0 0 0 0 0 0 0 0 22 10 16 0 0 1 0 0 0 0 3 12 0 0 0 0 0 0 25 0 0 0 0 0 8 0 0 0 0 0 0 11 0 0 0 18 0 10 0 3 0 0 0 0 11 12 0 0 0 0 0 0 93 0 15 36 18 0 22 84 0 0 0 1 0 56 77 65 43 0 0 0 0 0 94 0 77 81 48 74 36 87 0 0 0 10 3 52 
0 0 0 0 0 1 0 7 0 14 0 26 0 0 0 0 0 0 20 10 0 0 27 17 7 0 0 0 0 0 0 0 24 16 19 0 0 0 0 0 0 0 0 0 0 22 0 10 29 0 0 0 0 0 0 14 0 0 0 0 0 0 0 0 0 14 91 0 32 67 0 49 67 0 42 71 43 50 0 40 7 11 68 0 27 62 0 41 0 17 7 73 14 59 0 0 0 68 74 0 
0 0 0 0 0 0 0 0 0 13 22 0 0 0 10 0 3 0 39 0 1 8 0 23 0 18 0 0 0 30 0 0 0 22 8 8 0 4 0 0 0 0 0 10 22 0 23 0 1 31 0 0 0 0 0 10 0 10 0 0 0 0 0 15 0 0 15 4 21 0 97 6 62 0 62 0 38 35 50 0 0 38 89 48 78 55 41 18 0 41 41 90 0 78 53 0 67 22 0 0 
4 0 0 0 0 0 0 16 0 0 0 0 0 0 0 14 0 0 0 0 0 0 20 0 0 0 13 0 0 0 0 0 0 0 0 0 0 0 0 20 0 0 0 0 31 0 0 0 13 29 0 39 20 4 0 0 0 0 2 0 0 0 0 0 0 0 0 7 4 0 0 43 21 0 44 47 36 38 64 0 45 0 35 21 0 48 9 0 0 45 0 60 37 0 52 0 55 84 42 50 
0 0 0 0 0 0 0 0 0 17 0 2 7 0 5 25 0 4 0 0 0 0 0 0 0 0 0 0 0 13 13 0 0 21 0 11 11 0 34 0 0 0 16 0 0 9 0 0 21 0 0 38 0 0 9 0 0 0 21 0 0 0 0 0 21 0 0 0 0 19 6 3 0 0 83 19 22 33 22 0 31 0 0 0 0 0 0 0 0 36 34 0 0 13 30 0 65 0 0 0 
0 8 0 0 0 0 0 13 0 0 0 0 0 0 0 0 0 0 3 0 38 0 0 0 0 0 39 0 0 0 0 5 6 0 24 0 0 0 24 0 0 0 21 0 0 0 12 0 0 0 18 0 0 13 0 0 2 0 29 0 39 6 38 0 0 0 0 0 0 89 74 0 60 24 0 26 0 59 45 0 2 2 8 43 39 0 63 86 77 88 0 8 0 83 51 15 22 90 15 48 
0 0 0 0 0 0 6 0 29 0 0 4 33 10 0 0 0 32 2 4 0 0 30 12 0 1 0 0 1 0 0 26 15 0 0 0 0 0 10 0 0 0 0 16 0 0 0 0 0 27 0 0 0 0 1 0 0 7 4 0 0 1 0 10 0 32 3 0 0 0 20 71 0 22 21 67 0 28 0 93 0 67 64 39 21 0 60 32 0 43 0 40 0 7 0 0 0 0 0 49 
0 0 0 10 0 0 0 0 0 0 0 0 0 0 16 32 0 12 0 0 0 2 0 0 8 8 0 0 16 21 2 0 19 34 0 0 0 0 0 0 0 33 1 0 0 0 0 3 14 0 0 0 16 0 0 0 0 10 0 0 20 0 0 0 27 0 64 0 0 0 0 61 27 50 0 79 24 27 22 0 98 22 63 44 32 69 7 0 79 0 50 41 42 0 57 0 0 63 0 55 
0 0 0 0 0 11 13 0 0 0 0 0 0 0 1 0 0 28 31 0 0 0 14 25 0 12 0 16 0 31 10 0 0 0 0 22 0 0 9 0 0 0 8 0 0 0 0 4 0 0 0 0 0 8 0 0 0 0 0 0 0 0 0 0 0 0 0 0 2 0 0 0 60 0 4 0 49 84 19 0 58 0 6 76 15 51 63 18 6 0 0 67 0 0 0 66 17 83 11 66 
0 19 7 0 27 0 2 0 0 6 0 0 0 0 17 0 18 21 11 8 0 0 0 0 20 0 0 0 0 0 8 0 6 0 0 0 16 7 0 2 9 0 0 10 27 0 8 0 0 31 0 0 0 0 0 0 0 0 0 0 0 23 0 19 0 0 0 0 0 6 0 0 0 1 63 20 27 26 53 0 4 0 0 0 19 19 0 17 36 50 43 47 46 34 23 34 0 15 9 73 
0 0 0 0 0 35 0 13 0 0 12 9 0 0 0 0 0 10 0 0 0 0 0 0 31 0 21 0 0 0 9 0 0 0 0 0 15 0 0 0 37 0 0 16 0 0 19 0 26 0 3 0 36 12 0 2 10 0 0 17 0 38 0 0 21 22 5 4 0 0 0 6 0 0 18 4 42 0 55 30 50 22 7 0 33 71 0 0 8 62 16 0 0 64 54 13 50 32 0 43 
0 0 11 0 0 29 35 0 13 0 1 0 0 33 17 0 0 0 0 0 3 3 0 8 0 0 0 0 0 37 4 23 0 0 0 0 35 0 0 0 0 0 14 0 1 10 0 0 0 0 22 11 0 11 0 4 0 2 0 0 0 0 22 33 0 0 0 0 0 0 26 0 0 0 0 31 0 46 13 57 32 64 0 68 70 0 48 10 46 56 78 0 0 75 8 18 60 48 40 27 
0 24 25 0 0 13 0 0 8 8 0 0 0 0 0 0 0 23 0 0 0 0 0 20 0 0 0 26 0 0 0 10 34 12 0 0 0 29 0 2 4 27 0 0 0 0 0 0 0 0 0 0 0 0 0 0 0 0 0 0 3 0 0 0 0 0 0 0 0 0 0 0 0 0 0 0 10 35 0 68 5 0 43 11 0 93 0 0 81 48 54 27 0 0 40 75 0 80 24 1 
0 0 0 0 0 0 12 0 0 0 0 0 0 0 0 34 0 0 0 17 0 15 0 0 0 0 10 0 0 14 0 0 26 24 0 34 0 0 0 0 0 0 0 14 3 0 32 0 15 0 0 0 0 17 0 18 0 0 0 26 0 0 0 5 0 0 0 0 9 7 0 0 0 0 0 0 0 46 11 68 63 69 22 76 54 47 0 73 59 27 0 29 11 43 26 14 12 39 0 18 
22 0 0 0 0 10 0 0 0 0 0 12 0 0 18 5 0 2 18 7 33 0 0 0 0 0 0 0 16 27 0 0 0 0 0 0 0 0 0 0 0 0 0 0 22 0 7 0 0 0 11 0 0 0 0 5 2 13 1 0 0 35 0 0 0 0 0 0 0 0 0 0 0 9 0 0 0 0 20 0 15 0 0 81 87 10 0 58 5 0 0 30 40 45 64 0 20 0 85 2 
0 35 0 1 0 14 29 0 30 0 0 0 29 0 0 0 0 0 0 0 0 10 0 0 0 0 16 0 0 0 0 0 0 0 0 35 0 0 0 19 0 0 0 0 0 0 20 0 9 1 0 0 0 0 0 26 0 10 22 13 0 0 0 0 2 0 0 0 0 1 0 0 0 0 0 52 0 0 0 59 38 54 63 0 13 39 0 59 0 93 30 14 96 47 65 68 25 49 77 72 
0 0 17 0 0 0 0 0 0 0 0 0 0 18 0 0 0 3 0 0 27 23 1 0 0 0 20 34 13 8 4 9 0 0 0 12 0 0 0 0 0 20 0 14 16 0 0 0 1 0 0 0 0 0 0 0 20 0 0 26 22 0 0 0 0 4 14 3 22 0 1 25 6 0 0 0 0 69 0 0 2 66 54 0 60 0 73 7 0 9 0 25 23 84 0 0 0 88 0 0 
0 0 0 0 0 0 0 0 0 0 0 0 0 0 0 0 0 0 33 0 10 0 0 4 0 11 0 19 20 0 38 0 0 0 0 0 0 35 0 2 0 0 0 30 0 0 0 22 0 0 0 0 0 10 0 5 0 0 0 0 2 0 0 0 0 30 0 0 0 0 0 0 0 0 0 0 0 0 0 0 0 40 31 10 0 9 0 42 15 80 0 79 47 87 59 0 56 47 0 36 
32 33 16 18 0 0 0 0 0 0 3 0 20 1 20 0 12 0 0 0 0 26 0 0 16 24 0 0 29 8 0 11 0 0 29 0 0 0 5 35 0 0 33 0 0 0 0 0 0 0 0 0 23 0 0 31 0 0 8 13 0 13 0 10 0 0 13 4 0 0 0 13 1 0 0 39 0 3 0 0 0 0 20 6 36 0 0 71 0 0 29 8 17 65 80 58 14 0 93 0 
0 26 0 16 0 5 0 0 0 0 0 0 30 0 0 0 0 12 0 0 0 11 0 0 0 0 0 7 0 0 39 0 0 30 0 0 0 0 0 0 0 0 15 0 29 0 0 0 0 11 0 0 0 0 18 0 38 0 0 0 0 0 0 1 0 0 0 0 0 0 0 0 20 0 39 0 0 6 0 0 0 0 0 74 51 0 62 27 57 74 62 37 21 61 0 4 76 15 0 0 
0 0 13 0 0 0 0 5 0 5 0 0 0 0 0 0 0 19 5 0 6 11 0 0 0 0 0 32 0 0 0 0 20 0 38 0 0 0 0 0 0 25 0 0 0 0 0 28 0 12 0 0 0 0 0 0 0 0 0 1 6 0 0 29 5 0 0 27 0 0 0 0 19 13 0 0 0 0 0 0 0 0 0 0 58 16 1 0 44 0 83 0 47 39 0 64 37 0 43 70 
35 12 7 14 0 4 0 9 0 0 7 0 0 0 0 0 0 15 0 0 0 0 0 0 34 0 0 4 0 0 0 0 0 0 0 4 0 0 0 0 0 19 27 0 0 29 0 0 19 19 13 0 0 9 0 0 0 0 34 0 0 0 0 21 0 0 15 12 0 0 0 0 0 0 0 5 0 0 0 0 0 0 0 0 0 0 0 0 0 46 26 0 40 13 68 69 48 0 38 91 
0 15 23 28 0 0 0 2 0 28 0 20 0 0 8 0 0 33 0 0 0 14 0 0 0 0 0 18 0 0 0 0 0 0 0 0 0 1 0 0 18 0 0 14 0 0 2 0 0 0 0 0 9 8 31 0 0 0 0 36 0 35 0 29 0 0 0 37 16 5 0 0 0 0 5 0 0 0 0 26 0 19 36 0 0 0 79 22 0 0 18 64 0 0 54 8 0 53 29 0 
0 0 0 0 0 3 2 7 0 0 0 0 0 0 0 0 11 0 0 0 0 1 0 0 11 0 8 0 0 0 0 0 0 0 0 32 0 0 0 0 17 0 0 0 0 0 29 35 12 0 38 0 0 21 0 7 0 0 0 34 0 18 0 0 15 0 0 16 0 0 0 0 22 17 0 20 14 34 7 0 37 7 0 0 13 0 0 28 13 48 23 37 59 0 56 62 52 15 65 55 
0 24 0 0 0 14 0 21 0 3 0 18 0 0 0 0 2 0 0 0 19 17 0 0 14 0 0 0 0 0 2 0 25 0 32 0 0 3 0 0 0 0 16 19 0 0 0 0 37 14 0 0 4 0 0 0 0 0 0 29 7 0 0 7 0 0 0 16 0 0 12 0 0 3 0 0 0 0 0 0 0 0 0 36 3 0 0 0 63 45 15 6 66 29 0 0 70 0 88 28 
8 2 38 19 0 0 9 0 0 0 0 0 0 24 0 35 15 0 0 14 0 0 0 34 9 3 0 18 0 35 0 31 34 0 0 0 14 36 0 30 0 0 0 4 0 0 26 5 0 0 0 0 5 0 17 0 0 0 7 0 0 0 33 0 0 0 39 17 0 19 0 0 0 0 0 0 0 0 19 15 0 24 0 0 37 6 0 0 0 53 0 1 72 0 51 36 42 13 34 39 
0 3 34 0 0 0 27 0 0 0 0 1 0 12 0 0 0 0 0 0 0 0 0 0 0 0 13 13 0 0 0 0 0 0 0 11 8 0 0 0 0 0 0 6 39 0 0 39 0 0 0 0 0 0 6 0 0 13 0 0 0 2 14 0 0 0 0 0 0 0 0 0 0 0 0 0 0 27 0 0 0 12 0 34 0 11 0 0 0 0 52 0 2 0 25 7 0 3 0 77 
0 0 0 21 5 0 0 33 0 0 0 0 0 0 0 0 17 0 0 0 0 23 0 0 0 10 0 0 0 0 0 9 0 0 0 18 0 0 28 0 10 0 18 0 0 33 0 0 0 14 0 30 0 0 0 0 0 35 22 0 0 0 0 0 0 0 4 0 4 7 0 15 0 0 0 0 37 12 0 12 22 0 0 0 0 0 0 0 27 0 0 16 10 12 5 0 11 23 6 9 
21 0 0 0 0 0 0 0 34 32 0 34 0 0 0 0 23 0 0 0 0 0 0 0 12 0 0 0 10 0 3 13 0 0 37 0 6 0 0 29 1 34 0 26 30 21 32 21 0 0 0 15 0 0 5 0 0 0 0 19 0 0 24 0 0 0 0 22 0 0 0 0 0 0 12 0 0 0 0 0 0 0 0 36 0 0 0 0 0 20 0 0 55 37 0 10 0 0 60 0 
29 0 0 0 0 0 6 0 0 0 0 0 0 0 0 0 0 0 31 11 0 0 0 0 7 0 0 0 0 0 7 21 0 0 15 0 0 0 12 0 0 0 0 0 0 3 26 20 9 0 0 0 0 0 0 0 0 0 0 0 0 0 0 0 0 32 0 36 37 12 0 37 0 3 19 24 0 0 0 0 0 0 0 0 0 10 0 0 0 0 0 0 0 14 0 59 7 25 44 39 
0 0 21 0 20 0 0 34 0 0 0 16 0 25 0 0 0 0 0 0 0 0 0 0 0 0 0 0 0 0 0 1 0 0 0 0 9 0 0 0 0 0 0 0 0 0 0 0 0 0 0 4 32 22 0 0 0 1 19 0 15 33 0 0 0 0 14 0 0 0 27 11 0 0 0 6 0 0 0 0 0 0 0 0 0 0 0 0 9 0 0 0 0 0 54 10 12 0 20 47 
0 0 0 29 0 1 0 0 0 0 0 0 0 17 24 0 35 0 0 10 20 0 2 0 0 0 0 0 0 0 0 0 6 0 0 0 0 17 0 0 0 23 26 0 0 19 0 0 9 0 0 0 0 0 0 0 0 0 0 0 0 3 0 8 18 0 0 0 0 3 0 6 0 0 0 0 0 0 0 8 0 0 16 14 0 0 0 2 0 0 0 35 0 0 0 32 4 0 5 39 
15 0 0 0 0 0 0 0 0 0 25 0 0 36 5 30 0 16 3 7 10 0 16 0 16 0 0 0 9 0 0 0 0 6 0 15 0 0 0 0 29 6 0 12 0 7 0 3 3 0 0 0 0 0 0 0 17 27 0 0 0 24 0 0 14 36 10 5 0 16 7 0 0 0 0 0 0 7 0 29 5 0 0 0 0 0 0 0 0 0 7 0 0 0 0 0 88 25 71 31 
0 0 0 13 0 0 0 39 1 0 0 0 14 0 0 0 5 0 15 1 0 0 39 0 0 0 11 0 33 29 0 0 15 31 0 0 0 6 37 0 0 0 0 0 13 0 12 0 0 0 0 0 0 0 0 1 0 27 0 0 0 0 0 13 17 0 0 0 0 15 9 0 0 0 0 14 0 0 0 28 0 0 0 0 0 6 0 0 0 22 0 2 0 0 0 0 0 23 32 59 
30 16 0 0 0 0 3 0 0 0 0 0 7 0 4 0 0 10 26 0 0 0 0 0 0 0 0 0 0 0 0 0 0 0 30 0 11 0 0 0 0 7 0 0 0 0 31 0 0 0 0 0 3 0 4 0 0 0 0 0 0 0 0 0 0 0 0 0 0 29 0 0 0 0 0 0 0 0 0 0 0 20 0 51 74 0 0 30 0 0 0 27 0 26 0 0 0 0 61 0 
36 0 0 0 0 4 0 0 0 15 0 0 0 0 0 0 0 0 10 0 0 37 28 0 20 0 0 26 17 20 20 0 0 0 0 20 0 0 11 22 6 0 38 18 0 2 0 21 0 1 0 20 0 0 0 0 18 0 0 22 0 0 0 0 0 14 0 11 0 3 0 0 0 38 0 0 0 0 0 12 6 0 6 0 0 0 0 0 0 29 0 0 0 0 0 0 0 0 0 7 
25 0 2 0 0 0 0 0 0 8 0 0 17 0 0 3 0 4 0 7 0 31 17 0 0 22 0 0 0 36 0 0 0 17 16 0 37 0 0 0 0 0 0 0 4 0 0 0 0 0 0 7 22 0 0 0 0 0 0 0 0 0 38 0 12 23 0 5 0 0 0 0 0 0 0 0 0 0 0 34 0 0 13 0 0 6 0 0 0 0 0 6 0 0 0 0 0 0 0 0 
Objective Function Value: 144178


